[   53049ms] [ERROR] WebSocket connection to 'ws://localhost:5173/api/hub/market' failed: One or more reserved bits are on: reserved1 = 0, reserved2 = 1, reserved3 = 1 @ http://localhost:5173/assets/index-zLj2tvPy.js:86
[   60559ms] [ERROR] WebSocket connection to 'ws://localhost:5173/api/hub/market' failed: Error during WebSocket handshake: Unexpected response code: 502 @ http://localhost:5173/assets/index-zLj2tvPy.js:86
[   66620ms] [ERROR] WebSocket connection to 'ws://localhost:5173/api/hub/market' failed: One or more reserved bits are on: reserved1 = 0, reserved2 = 1, reserved3 = 1 @ http://localhost:5173/assets/index-zLj2tvPy.js:86
[   75427ms] [ERROR] WebSocket connection to 'ws://localhost:5173/api/hub/market' failed: Invalid frame header @ http://localhost:5173/assets/index-zLj2tvPy.js:86
[   90566ms] [ERROR] WebSocket connection to 'ws://localhost:5173/api/hub/market' failed: Invalid frame header @ http://localhost:5173/assets/index-zLj2tvPy.js:86
[  210152ms] [ERROR] WebSocket connection to 'ws://localhost:5173/api/hub/market' failed: Error during WebSocket handshake: Unexpected response code: 502 @ http://localhost:5173/assets/index-zLj2tvPy.js:86
[  242081ms] [ERROR] WebSocket connection to 'ws://localhost:5173/api/hub/market' failed: Error during WebSocket handshake: Unexpected response code: 502 @ http://localhost:5173/assets/index-zLj2tvPy.js:86
[  242082ms] [ERROR] Failed to load resource: the server responded with a status of 502 (Bad Gateway) @ http://localhost:5173/api/coin/detail/basic?market=swap&symbol=BTCUSDT&timeMode=local&tzOffsetMin=-660:0
[  242082ms] [ERROR] Failed to load resource: the server responded with a status of 502 (Bad Gateway) @ http://localhost:5173/api/coin/detail/fund/snapshot-health?symbol=BTCUSDT&timeMode=local&tzOffsetMin=-660:0
[  242084ms] [ERROR] Failed to load resource: the server responded with a status of 502 (Bad Gateway) @ http://localhost:5173/api/coin/detail/fund/snapshots?symbol=BTCUSDT&timeMode=local&tzOffsetMin=-660:0
[  242089ms] [ERROR] Failed to load resource: the server responded with a status of 502 (Bad Gateway) @ http://localhost:5173/api/coin/detail/flows/hourly?symbol=BTCUSDT&hours=24:0
[  242089ms] [ERROR] Failed to load resource: the server responded with a status of 502 (Bad Gateway) @ http://localhost:5173/api/coin/detail/flows/daily?symbol=BTCUSDT&days=30:0
[  242089ms] [ERROR] Failed to load resource: the server responded with a status of 502 (Bad Gateway) @ http://localhost:5173/api/coin/detail/flows/daily?symbol=BTCUSDT&days=30&includeToday=1:0
[  245153ms] [ERROR] Failed to load resource: the server responded with a status of 502 (Bad Gateway) @ http://localhost:5173/api/coin/detail/recent/daily?market=swap&symbol=BTCUSDT&days=20&includeToday=1:0
[  245156ms] [ERROR] Failed to load resource: the server responded with a status of 502 (Bad Gateway) @ http://localhost:5173/api/coin/detail/oi/hourly?market=swap&symbol=BTCUSDT&hours=24:0
[  245157ms] [ERROR] Failed to load resource: the server responded with a status of 502 (Bad Gateway) @ http://localhost:5173/api/coin/detail/oi/daily?market=swap&symbol=BTCUSDT&days=30:0
[  245157ms] [ERROR] Failed to load resource: the server responded with a status of 502 (Bad Gateway) @ http://localhost:5173/api/coin/detail/lsr/hourly?symbol=BTCUSDT&limit=6:0
[  245157ms] [ERROR] Failed to load resource: the server responded with a status of 502 (Bad Gateway) @ http://localhost:5173/api/coin/detail/sr/short?market=swap&symbol=BTCUSDT&days=5&limit=5&timeframe=1h:0
[  245157ms] [ERROR] Failed to load resource: the server responded with a status of 502 (Bad Gateway) @ http://localhost:5173/api/coin/detail/sr/short?market=swap&symbol=BTCUSDT&days=5&limit=5&timeframe=15m:0
[  248228ms] [ERROR] WebSocket connection to 'ws://localhost:5173/api/hub/market' failed: Error during WebSocket handshake: Unexpected response code: 502 @ http://localhost:5173/assets/index-zLj2tvPy.js:86
[  248232ms] [ERROR] Failed to load resource: the server responded with a status of 502 (Bad Gateway) @ http://localhost:5173/api/coin/detail/quant-dashboard?symbol=BTCUSDT&market=swap&bucket=1h&limit=240:0
[  248238ms] [ERROR] Failed to load resource: the server responded with a status of 502 (Bad Gateway) @ http://localhost:5173/api/coin/detail/orderbook/intraday?symbol=BTCUSDT&bucket=1m&limit=240:0
[  248239ms] [ERROR] Failed to load resource: the server responded with a status of 502 (Bad Gateway) @ http://localhost:5173/api/coin/detail/orderbook/whale-radar?symbol=BTCUSDT&lookbackMinutes=240&topK=20:0
[  248239ms] [ERROR] Failed to load resource: the server responded with a status of 502 (Bad Gateway) @ http://localhost:5173/healthz:0
[  257342ms] [ERROR] WebSocket connection to 'ws://localhost:5173/api/hub/market' failed: Error during WebSocket handshake: Unexpected response code: 502 @ http://localhost:5173/assets/index-zLj2tvPy.js:86
[  257343ms] [ERROR] Failed to load resource: the server responded with a status of 502 (Bad Gateway) @ http://localhost:5173/healthz:0
[  300363ms] [ERROR] Failed to load resource: the server responded with a status of 500 (Internal Server Error) @ http://localhost:5173/api/coin/detail/basic?market=swap&symbol=BTCUSDT&timeMode=local&tzOffsetMin=-660:0
[  323413ms] [ERROR] WebSocket connection to 'ws://localhost:5173/api/hub/market' failed: Invalid frame header @ http://localhost:5173/assets/index-zLj2tvPy.js:86
[  331668ms] [ERROR] WebSocket connection to 'ws://localhost:5173/api/hub/market' failed: One or more reserved bits are on: reserved1 = 0, reserved2 = 1, reserved3 = 1 @ http://localhost:5173/assets/index-zLj2tvPy.js:86
[  334816ms] [ERROR] WebSocket connection to 'ws://localhost:5173/api/hub/market' failed: Invalid frame header @ http://localhost:5173/assets/index-zLj2tvPy.js:86
[  344293ms] [ERROR] WebSocket connection to 'ws://localhost:5173/api/hub/market' failed: Invalid frame header @ http://localhost:5173/assets/index-zLj2tvPy.js:86
[  367593ms] [ERROR] Failed to load resource: the server responded with a status of 500 (Internal Server Error) @ http://localhost:5173/api/coin/detail/basic?market=swap&symbol=BTCUSDT&timeMode=local&tzOffsetMin=-660:0
[  485827ms] [ERROR] WebSocket connection to 'ws://localhost:5173/api/hub/market' failed: Invalid frame header @ http://localhost:5173/assets/index-zLj2tvPy.js:86
[  540368ms] [ERROR] Failed to load resource: the server responded with a status of 500 (Internal Server Error) @ http://localhost:5173/api/coin/detail/basic?market=swap&symbol=BTCUSDT&timeMode=local&tzOffsetMin=-660:0
[  592856ms] [ERROR] WebSocket connection to 'ws://localhost:5173/api/hub/market' failed: One or more reserved bits are on: reserved1 = 0, reserved2 = 1, reserved3 = 0 @ http://localhost:5173/assets/index-zLj2tvPy.js:86
[  600413ms] [ERROR] Failed to load resource: the server responded with a status of 500 (Internal Server Error) @ http://localhost:5173/api/coin/detail/basic?market=swap&symbol=BTCUSDT&timeMode=local&tzOffsetMin=-660:0
[  612215ms] [ERROR] WebSocket connection to 'ws://localhost:5173/api/hub/market' failed: One or more reserved bits are on: reserved1 = 0, reserved2 = 1, reserved3 = 1 @ http://localhost:5173/assets/index-zLj2tvPy.js:86
[  617766ms] [ERROR] WebSocket connection to 'ws://localhost:5173/api/hub/market' failed: Invalid frame header @ http://localhost:5173/assets/index-zLj2tvPy.js:86
[  636970ms] [ERROR] WebSocket connection to 'ws://localhost:5173/api/hub/market' failed: Error during WebSocket handshake: Unexpected response code: 502 @ http://localhost:5173/assets/index-zLj2tvPy.js:86
[  636971ms] [ERROR] Failed to load resource: the server responded with a status of 502 (Bad Gateway) @ http://localhost:5173/healthz:0
[  653417ms] [ERROR] WebSocket connection to 'ws://localhost:5173/api/hub/market' failed: Error during WebSocket handshake: Unexpected response code: 502 @ http://localhost:5173/assets/index-zLj2tvPy.js:86
[  653418ms] [ERROR] Failed to load resource: the server responded with a status of 502 (Bad Gateway) @ http://localhost:5173/healthz:0
[  660523ms] [ERROR] WebSocket connection to 'ws://localhost:5173/api/hub/market' failed: Error during WebSocket handshake: Unexpected response code: 502 @ http://localhost:5173/assets/index-zLj2tvPy.js:86
[  660524ms] [ERROR] Failed to load resource: the server responded with a status of 502 (Bad Gateway) @ http://localhost:5173/api/coin/detail/fund/snapshots?symbol=BTCUSDT&timeMode=local&tzOffsetMin=-660:0
[  660524ms] [ERROR] Failed to load resource: the server responded with a status of 502 (Bad Gateway) @ http://localhost:5173/api/coin/detail/basic?market=swap&symbol=BTCUSDT&timeMode=local&tzOffsetMin=-660:0
[  660525ms] [ERROR] Failed to load resource: the server responded with a status of 502 (Bad Gateway) @ http://localhost:5173/api/coin/detail/fund/snapshot-health?symbol=BTCUSDT&timeMode=local&tzOffsetMin=-660:0
[  660527ms] [ERROR] Failed to load resource: the server responded with a status of 502 (Bad Gateway) @ http://localhost:5173/api/coin/detail/flows/hourly?symbol=BTCUSDT&hours=24:0
[  660528ms] [ERROR] Failed to load resource: the server responded with a status of 502 (Bad Gateway) @ http://localhost:5173/api/coin/detail/flows/daily?symbol=BTCUSDT&days=30&includeToday=1:0
[  660528ms] [ERROR] Failed to load resource: the server responded with a status of 502 (Bad Gateway) @ http://localhost:5173/api/coin/detail/flows/daily?symbol=BTCUSDT&days=30:0
[  663594ms] [ERROR] Failed to load resource: the server responded with a status of 502 (Bad Gateway) @ http://localhost:5173/api/coin/detail/recent/daily?market=swap&symbol=BTCUSDT&days=20&includeToday=1:0
[  663594ms] [ERROR] Failed to load resource: the server responded with a status of 502 (Bad Gateway) @ http://localhost:5173/api/coin/detail/oi/daily?market=swap&symbol=BTCUSDT&days=30:0
[  663597ms] [ERROR] Failed to load resource: the server responded with a status of 502 (Bad Gateway) @ http://localhost:5173/api/coin/detail/oi/hourly?market=swap&symbol=BTCUSDT&hours=24:0
[  663597ms] [ERROR] Failed to load resource: the server responded with a status of 502 (Bad Gateway) @ http://localhost:5173/api/coin/detail/lsr/hourly?symbol=BTCUSDT&limit=6:0
[  663597ms] [ERROR] Failed to load resource: the server responded with a status of 502 (Bad Gateway) @ http://localhost:5173/api/coin/detail/sr/short?market=swap&symbol=BTCUSDT&days=5&limit=5&timeframe=1h:0
[  663597ms] [ERROR] Failed to load resource: the server responded with a status of 502 (Bad Gateway) @ http://localhost:5173/api/coin/detail/sr/short?market=swap&symbol=BTCUSDT&days=5&limit=5&timeframe=15m:0
[  666667ms] [ERROR] Failed to load resource: the server responded with a status of 502 (Bad Gateway) @ http://localhost:5173/api/coin/detail/orderbook/intraday?symbol=BTCUSDT&bucket=1m&limit=240:0
[  666667ms] [ERROR] Failed to load resource: the server responded with a status of 502 (Bad Gateway) @ http://localhost:5173/api/coin/detail/orderbook/whale-radar?symbol=BTCUSDT&lookbackMinutes=240&topK=20:0
[  666671ms] [ERROR] Failed to load resource: the server responded with a status of 502 (Bad Gateway) @ http://localhost:5173/api/coin/detail/quant-dashboard?symbol=BTCUSDT&market=swap&bucket=1h&limit=240:0
[  666671ms] [ERROR] Failed to load resource: the server responded with a status of 502 (Bad Gateway) @ http://localhost:5173/healthz:0
[  720428ms] [ERROR] Failed to load resource: the server responded with a status of 502 (Bad Gateway) @ http://localhost:5173/healthz:0
[  720428ms] [ERROR] Failed to load resource: the server responded with a status of 502 (Bad Gateway) @ http://localhost:5173/api/coin/detail/basic?market=swap&symbol=BTCUSDT&timeMode=local&tzOffsetMin=-660:0
[  720428ms] [ERROR] Failed to load resource: the server responded with a status of 502 (Bad Gateway) @ http://localhost:5173/api/coin/detail/fund/snapshots?symbol=BTCUSDT&timeMode=local&tzOffsetMin=-660:0
[  720428ms] [ERROR] Failed to load resource: the server responded with a status of 502 (Bad Gateway) @ http://localhost:5173/api/coin/detail/flows/hourly?symbol=BTCUSDT&hours=24:0
[  720429ms] [ERROR] Failed to load resource: the server responded with a status of 502 (Bad Gateway) @ http://localhost:5173/api/coin/detail/fund/snapshot-health?symbol=BTCUSDT&timeMode=local&tzOffsetMin=-660:0
[  721140ms] [ERROR] Failed to load resource: the server responded with a status of 502 (Bad Gateway) @ http://localhost:5173/api/coin/detail/flows/daily?symbol=BTCUSDT&days=30&includeToday=1:0
[  721140ms] [ERROR] Failed to load resource: the server responded with a status of 502 (Bad Gateway) @ http://localhost:5173/api/coin/detail/flows/daily?symbol=BTCUSDT&days=30:0
[  721140ms] [ERROR] Failed to load resource: the server responded with a status of 502 (Bad Gateway) @ http://localhost:5173/api/coin/detail/recent/daily?market=swap&symbol=BTCUSDT&days=20&includeToday=1:0
[  721140ms] [ERROR] Failed to load resource: the server responded with a status of 502 (Bad Gateway) @ http://localhost:5173/api/coin/detail/oi/hourly?market=swap&symbol=BTCUSDT&hours=24:0
[  721141ms] [ERROR] Failed to load resource: the server responded with a status of 502 (Bad Gateway) @ http://localhost:5173/api/coin/detail/oi/daily?market=swap&symbol=BTCUSDT&days=30:0
[  721141ms] [ERROR] Failed to load resource: the server responded with a status of 502 (Bad Gateway) @ http://localhost:5173/api/coin/detail/lsr/hourly?symbol=BTCUSDT&limit=6:0
[  721144ms] [ERROR] Failed to load resource: the server responded with a status of 502 (Bad Gateway) @ http://localhost:5173/api/coin/detail/sr/short?market=swap&symbol=BTCUSDT&days=5&limit=5&timeframe=15m:0
[  721145ms] [ERROR] Failed to load resource: the server responded with a status of 502 (Bad Gateway) @ http://localhost:5173/api/coin/detail/sr/short?market=swap&symbol=BTCUSDT&days=5&limit=5&timeframe=1h:0
[  721145ms] [ERROR] Failed to load resource: the server responded with a status of 502 (Bad Gateway) @ http://localhost:5173/api/coin/detail/orderbook/intraday?symbol=BTCUSDT&bucket=1m&limit=240:0
[  721145ms] [ERROR] Failed to load resource: the server responded with a status of 502 (Bad Gateway) @ http://localhost:5173/api/coin/detail/quant-dashboard?symbol=BTCUSDT&market=swap&bucket=1h&limit=240:0
[  721145ms] [ERROR] Failed to load resource: the server responded with a status of 502 (Bad Gateway) @ http://localhost:5173/api/coin/detail/orderbook/whale-radar?symbol=BTCUSDT&lookbackMinutes=240&topK=20:0
[  732069ms] [ERROR] WebSocket connection to 'ws://localhost:5173/api/hub/market' failed: Error during WebSocket handshake: Unexpected response code: 504 @ http://localhost:5173/assets/index-zLj2tvPy.js:86
[  735229ms] [ERROR] Failed to load resource: the server responded with a status of 504 (Gateway Time-out) @ http://localhost:5173/healthz:0
[  780358ms] [ERROR] Failed to load resource: the server responded with a status of 500 (Internal Server Error) @ http://localhost:5173/api/coin/detail/basic?market=swap&symbol=BTCUSDT&timeMode=local&tzOffsetMin=-660:0
[  795323ms] [ERROR] WebSocket connection to 'ws://localhost:5173/api/hub/market' failed: One or more reserved bits are on: reserved1 = 0, reserved2 = 1, reserved3 = 1 @ http://localhost:5173/assets/index-zLj2tvPy.js:86
[  807996ms] [ERROR] WebSocket connection to 'ws://localhost:5173/api/hub/market' failed: One or more reserved bits are on: reserved1 = 0, reserved2 = 1, reserved3 = 1 @ http://localhost:5173/assets/index-zLj2tvPy.js:86
[  831937ms] [ERROR] WebSocket connection to 'ws://localhost:5173/api/hub/market' failed: Invalid frame header @ http://localhost:5173/assets/index-zLj2tvPy.js:86
[  859911ms] [ERROR] Failed to load resource: the server responded with a status of 500 (Internal Server Error) @ http://localhost:5173/api/coin/detail/basic?market=swap&symbol=BTCUSDT&timeMode=local&tzOffsetMin=-660:0
[  900382ms] [ERROR] Failed to load resource: the server responded with a status of 500 (Internal Server Error) @ http://localhost:5173/api/coin/detail/basic?market=swap&symbol=BTCUSDT&timeMode=local&tzOffsetMin=-660:0
[  923933ms] [ERROR] WebSocket connection to 'ws://localhost:5173/api/hub/market' failed: One or more reserved bits are on: reserved1 = 0, reserved2 = 1, reserved3 = 0 @ http://localhost:5173/assets/index-zLj2tvPy.js:86
[  935070ms] [ERROR] WebSocket connection to 'ws://localhost:5173/api/hub/market' failed: One or more reserved bits are on: reserved1 = 0, reserved2 = 1, reserved3 = 1 @ http://localhost:5173/assets/index-zLj2tvPy.js:86
[  953300ms] [ERROR] WebSocket connection to 'ws://localhost:5173/api/hub/market' failed: One or more reserved bits are on: reserved1 = 0, reserved2 = 1, reserved3 = 1 @ http://localhost:5173/assets/index-zLj2tvPy.js:86
[  967517ms] [ERROR] Failed to load resource: the server responded with a status of 500 (Internal Server Error) @ http://localhost:5173/api/coin/detail/basic?market=swap&symbol=BTCUSDT&timeMode=local&tzOffsetMin=-660:0
[  968426ms] [ERROR] WebSocket connection to 'ws://localhost:5173/api/hub/market' failed: Could not decode a text frame as UTF-8. @ http://localhost:5173/assets/index-zLj2tvPy.js:86
[ 1063053ms] [ERROR] WebSocket connection to 'ws://localhost:5173/api/hub/market' failed: One or more reserved bits are on: reserved1 = 0, reserved2 = 1, reserved3 = 1 @ http://localhost:5173/assets/index-zLj2tvPy.js:86
[ 1065649ms] [ERROR] WebSocket connection to 'ws://localhost:5173/api/hub/market' failed: Invalid frame header @ http://localhost:5173/assets/index-zLj2tvPy.js:86
[ 1071575ms] [ERROR] WebSocket connection to 'ws://localhost:5173/api/hub/market' failed: One or more reserved bits are on: reserved1 = 0, reserved2 = 1, reserved3 = 1 @ http://localhost:5173/assets/index-zLj2tvPy.js:86
[ 1080373ms] [ERROR] Failed to load resource: the server responded with a status of 500 (Internal Server Error) @ http://localhost:5173/api/coin/detail/basic?market=swap&symbol=BTCUSDT&timeMode=local&tzOffsetMin=-660:0
[ 1081074ms] [ERROR] WebSocket connection to 'ws://localhost:5173/api/hub/market' failed: One or more reserved bits are on: reserved1 = 0, reserved2 = 1, reserved3 = 1 @ http://localhost:5173/assets/index-zLj2tvPy.js:86
[ 1100338ms] [ERROR] WebSocket connection to 'ws://localhost:5173/api/hub/market' failed: Error during WebSocket handshake: Unexpected response code: 502 @ http://localhost:5173/assets/index-zLj2tvPy.js:86
[ 1100338ms] [ERROR] Failed to load resource: the server responded with a status of 502 (Bad Gateway) @ http://localhost:5173/healthz:0
[ 1116368ms] [ERROR] WebSocket connection to 'ws://localhost:5173/api/hub/market' failed: Error during WebSocket handshake: Unexpected response code: 502 @ http://localhost:5173/assets/index-zLj2tvPy.js:86
[ 1116368ms] [ERROR] Failed to load resource: the server responded with a status of 502 (Bad Gateway) @ http://localhost:5173/healthz:0
[ 1124207ms] [ERROR] WebSocket connection to 'ws://localhost:5173/api/hub/market' failed: Error during WebSocket handshake: Unexpected response code: 502 @ http://localhost:5173/assets/index-zLj2tvPy.js:86
[ 1128303ms] [ERROR] Failed to load resource: the server responded with a status of 502 (Bad Gateway) @ http://localhost:5173/healthz:0
[ 1144303ms] [ERROR] WebSocket connection to 'ws://localhost:5173/api/hub/market' failed: Error during WebSocket handshake: Unexpected response code: 502 @ http://localhost:5173/assets/index-zLj2tvPy.js:86
[ 1144305ms] [ERROR] Failed to load resource: the server responded with a status of 502 (Bad Gateway) @ http://localhost:5173/api/coin/detail/basic?market=swap&symbol=BTCUSDT&timeMode=local&tzOffsetMin=-660:0
[ 1144305ms] [ERROR] Failed to load resource: the server responded with a status of 502 (Bad Gateway) @ http://localhost:5173/api/coin/detail/flows/daily?symbol=BTCUSDT&days=30&includeToday=1:0
[ 1144305ms] [ERROR] Failed to load resource: the server responded with a status of 502 (Bad Gateway) @ http://localhost:5173/api/coin/detail/flows/daily?symbol=BTCUSDT&days=30:0
[ 1144307ms] [ERROR] Failed to load resource: the server responded with a status of 502 (Bad Gateway) @ http://localhost:5173/api/coin/detail/flows/hourly?symbol=BTCUSDT&hours=24:0
[ 1144307ms] [ERROR] Failed to load resource: the server responded with a status of 502 (Bad Gateway) @ http://localhost:5173/api/coin/detail/fund/snapshot-health?symbol=BTCUSDT&timeMode=local&tzOffsetMin=-660:0
[ 1144312ms] [ERROR] Failed to load resource: the server responded with a status of 502 (Bad Gateway) @ http://localhost:5173/api/coin/detail/fund/snapshots?symbol=BTCUSDT&timeMode=local&tzOffsetMin=-660:0
[ 1147376ms] [ERROR] Failed to load resource: the server responded with a status of 502 (Bad Gateway) @ http://localhost:5173/api/coin/detail/oi/daily?market=swap&symbol=BTCUSDT&days=30:0
[ 1147381ms] [ERROR] Failed to load resource: the server responded with a status of 502 (Bad Gateway) @ http://localhost:5173/api/coin/detail/oi/hourly?market=swap&symbol=BTCUSDT&hours=24:0
[ 1147381ms] [ERROR] Failed to load resource: the server responded with a status of 502 (Bad Gateway) @ http://localhost:5173/api/coin/detail/recent/daily?market=swap&symbol=BTCUSDT&days=20&includeToday=1:0
[ 1147382ms] [ERROR] Failed to load resource: the server responded with a status of 502 (Bad Gateway) @ http://localhost:5173/api/coin/detail/lsr/hourly?symbol=BTCUSDT&limit=6:0
[ 1147382ms] [ERROR] Failed to load resource: the server responded with a status of 502 (Bad Gateway) @ http://localhost:5173/api/coin/detail/sr/short?market=swap&symbol=BTCUSDT&days=5&limit=5&timeframe=1h:0
[ 1147382ms] [ERROR] Failed to load resource: the server responded with a status of 502 (Bad Gateway) @ http://localhost:5173/api/coin/detail/sr/short?market=swap&symbol=BTCUSDT&days=5&limit=5&timeframe=15m:0
[ 1150446ms] [ERROR] WebSocket connection to 'ws://localhost:5173/api/hub/market' failed: Error during WebSocket handshake: Unexpected response code: 502 @ http://localhost:5173/assets/index-zLj2tvPy.js:86
[ 1150447ms] [ERROR] Failed to load resource: the server responded with a status of 502 (Bad Gateway) @ http://localhost:5173/api/coin/detail/orderbook/whale-radar?symbol=BTCUSDT&lookbackMinutes=240&topK=20:0
[ 1150449ms] [ERROR] Failed to load resource: the server responded with a status of 502 (Bad Gateway) @ http://localhost:5173/api/coin/detail/orderbook/intraday?symbol=BTCUSDT&bucket=1m&limit=240:0
[ 1150451ms] [ERROR] Failed to load resource: the server responded with a status of 502 (Bad Gateway) @ http://localhost:5173/api/coin/detail/quant-dashboard?symbol=BTCUSDT&market=swap&bucket=1h&limit=240:0
[ 1150451ms] [ERROR] Failed to load resource: the server responded with a status of 502 (Bad Gateway) @ http://localhost:5173/healthz:0
[ 1158290ms] [ERROR] Failed to load resource: the server responded with a status of 502 (Bad Gateway) @ http://localhost:5173/healthz:0
[ 1161805ms] [ERROR] WebSocket connection to 'ws://localhost:5173/api/hub/market' failed: Error during WebSocket handshake: Unexpected response code: 502 @ http://localhost:5173/assets/index-zLj2tvPy.js:86
[ 1173297ms] [ERROR] Failed to load resource: the server responded with a status of 502 (Bad Gateway) @ http://localhost:5173/healthz:0
[ 1181228ms] [ERROR] WebSocket connection to 'ws://localhost:5173/api/hub/market' failed: Error during WebSocket handshake: Unexpected response code: 502 @ http://localhost:5173/assets/index-zLj2tvPy.js:86
[ 1200365ms] [ERROR] Failed to load resource: the server responded with a status of 500 (Internal Server Error) @ http://localhost:5173/api/coin/detail/basic?market=swap&symbol=BTCUSDT&timeMode=local&tzOffsetMin=-660:0
[ 1254561ms] [ERROR] WebSocket connection to 'ws://localhost:5173/api/hub/market' failed: One or more reserved bits are on: reserved1 = 0, reserved2 = 1, reserved3 = 1 @ http://localhost:5173/assets/index-zLj2tvPy.js:86
[ 1291250ms] [ERROR] WebSocket connection to 'ws://localhost:5173/api/hub/market' failed: One or more reserved bits are on: reserved1 = 0, reserved2 = 1, reserved3 = 1 @ http://localhost:5173/assets/index-zLj2tvPy.js:86
[ 1320379ms] [ERROR] Failed to load resource: the server responded with a status of 500 (Internal Server Error) @ http://localhost:5173/api/coin/detail/basic?market=swap&symbol=BTCUSDT&timeMode=local&tzOffsetMin=-660:0
[ 1380371ms] [ERROR] Failed to load resource: the server responded with a status of 500 (Internal Server Error) @ http://localhost:5173/api/coin/detail/basic?market=swap&symbol=BTCUSDT&timeMode=local&tzOffsetMin=-660:0
[ 1392677ms] [ERROR] WebSocket connection to 'ws://localhost:5173/api/hub/market' failed: Invalid frame header @ http://localhost:5173/assets/index-zLj2tvPy.js:86
[ 1431850ms] [ERROR] WebSocket connection to 'ws://localhost:5173/api/hub/market' failed: Invalid frame header @ http://localhost:5173/assets/index-zLj2tvPy.js:86
[ 1460035ms] [ERROR] Failed to load resource: the server responded with a status of 500 (Internal Server Error) @ http://localhost:5173/api/coin/detail/basic?market=swap&symbol=BTCUSDT&timeMode=local&tzOffsetMin=-660:0
[ 1500457ms] [ERROR] Failed to load resource: the server responded with a status of 500 (Internal Server Error) @ http://localhost:5173/api/coin/detail/basic?market=swap&symbol=BTCUSDT&timeMode=local&tzOffsetMin=-660:0
[ 1526426ms] [ERROR] WebSocket connection to 'ws://localhost:5173/api/hub/market' failed: One or more reserved bits are on: reserved1 = 0, reserved2 = 1, reserved3 = 1 @ http://localhost:5173/assets/index-zLj2tvPy.js:86
[ 1535793ms] [ERROR] WebSocket connection to 'ws://localhost:5173/api/hub/market' failed: Invalid frame header @ http://localhost:5173/assets/index-zLj2tvPy.js:86
[ 1538910ms] [ERROR] WebSocket connection to 'ws://localhost:5173/api/hub/market' failed: One or more reserved bits are on: reserved1 = 0, reserved2 = 1, reserved3 = 1 @ http://localhost:5173/assets/index-zLj2tvPy.js:86
[ 1548358ms] [ERROR] WebSocket connection to 'ws://localhost:5173/api/hub/market' failed: Invalid frame header @ http://localhost:5173/assets/index-zLj2tvPy.js:86
[ 1555065ms] [ERROR] WebSocket connection to 'ws://localhost:5173/api/hub/market' failed: Error during WebSocket handshake: Unexpected response code: 502 @ http://localhost:5173/assets/index-zLj2tvPy.js:86
[ 1560372ms] [ERROR] Failed to load resource: the server responded with a status of 500 (Internal Server Error) @ http://localhost:5173/api/coin/detail/basic?market=swap&symbol=BTCUSDT&timeMode=local&tzOffsetMin=-660:0
[ 1561121ms] [ERROR] WebSocket connection to 'ws://localhost:5173/api/hub/market' failed: Invalid frame header @ http://localhost:5173/assets/index-zLj2tvPy.js:86
[ 1576246ms] [ERROR] WebSocket connection to 'ws://localhost:5173/api/hub/market' failed: Invalid frame header @ http://localhost:5173/assets/index-zLj2tvPy.js:86
[ 1620367ms] [ERROR] Failed to load resource: the server responded with a status of 500 (Internal Server Error) @ http://localhost:5173/api/coin/detail/basic?market=swap&symbol=BTCUSDT&timeMode=local&tzOffsetMin=-660:0
[ 1677409ms] [ERROR] WebSocket connection to 'ws://localhost:5173/api/hub/market' failed: Invalid frame header @ http://localhost:5173/assets/index-zLj2tvPy.js:86
[ 1680246ms] [ERROR] Failed to load resource: the server responded with a status of 502 (Bad Gateway) @ http://localhost:5173/api/coin/detail/flows/daily?symbol=BTCUSDT&days=30&includeToday=1:0
[ 1680249ms] [ERROR] Failed to load resource: the server responded with a status of 502 (Bad Gateway) @ http://localhost:5173/api/coin/detail/fund/snapshots?symbol=BTCUSDT&timeMode=local&tzOffsetMin=-660:0
[ 1680249ms] [ERROR] Failed to load resource: the server responded with a status of 502 (Bad Gateway) @ http://localhost:5173/api/coin/detail/fund/snapshot-health?symbol=BTCUSDT&timeMode=local&tzOffsetMin=-660:0
[ 1680249ms] [ERROR] Failed to load resource: the server responded with a status of 502 (Bad Gateway) @ http://localhost:5173/api/coin/detail/basic?market=swap&symbol=BTCUSDT&timeMode=local&tzOffsetMin=-660:0
[ 1680253ms] [ERROR] Failed to load resource: the server responded with a status of 502 (Bad Gateway) @ http://localhost:5173/api/coin/detail/flows/hourly?symbol=BTCUSDT&hours=24:0
[ 1680255ms] [ERROR] Failed to load resource: the server responded with a status of 502 (Bad Gateway) @ http://localhost:5173/api/coin/detail/recent/daily?market=swap&symbol=BTCUSDT&days=20&includeToday=1:0
[ 1680269ms] [ERROR] Failed to load resource: the server responded with a status of 502 (Bad Gateway) @ http://localhost:5173/api/coin/detail/oi/hourly?market=swap&symbol=BTCUSDT&hours=24:0
[ 1680271ms] [ERROR] Failed to load resource: the server responded with a status of 502 (Bad Gateway) @ http://localhost:5173/api/coin/detail/oi/daily?market=swap&symbol=BTCUSDT&days=30:0
[ 1680272ms] [ERROR] Failed to load resource: the server responded with a status of 502 (Bad Gateway) @ http://localhost:5173/api/coin/detail/lsr/hourly?symbol=BTCUSDT&limit=6:0
[ 1680272ms] [ERROR] Failed to load resource: the server responded with a status of 502 (Bad Gateway) @ http://localhost:5173/api/coin/detail/sr/short?market=swap&symbol=BTCUSDT&days=5&limit=5&timeframe=1h:0
[ 1680272ms] [ERROR] Failed to load resource: the server responded with a status of 502 (Bad Gateway) @ http://localhost:5173/api/coin/detail/sr/short?market=swap&symbol=BTCUSDT&days=5&limit=5&timeframe=15m:0
[ 1680272ms] [ERROR] Failed to load resource: the server responded with a status of 502 (Bad Gateway) @ http://localhost:5173/api/coin/detail/flows/daily?symbol=BTCUSDT&days=30:0
[ 1680278ms] [ERROR] Failed to load resource: the server responded with a status of 502 (Bad Gateway) @ http://localhost:5173/api/coin/detail/quant-dashboard?symbol=BTCUSDT&market=swap&bucket=1h&limit=240:0
[ 1680278ms] [ERROR] Failed to load resource: the server responded with a status of 502 (Bad Gateway) @ http://localhost:5173/api/coin/detail/orderbook/whale-radar?symbol=BTCUSDT&lookbackMinutes=240&topK=20:0
[ 1680279ms] [ERROR] Failed to load resource: the server responded with a status of 502 (Bad Gateway) @ http://localhost:5173/healthz:0
[ 1680281ms] [ERROR] Failed to load resource: the server responded with a status of 502 (Bad Gateway) @ http://localhost:5173/api/coin/detail/orderbook/intraday?symbol=BTCUSDT&bucket=1m&limit=240:0
[ 1692866ms] [ERROR] WebSocket connection to 'ws://localhost:5173/api/hub/market' failed: One or more reserved bits are on: reserved1 = 0, reserved2 = 1, reserved3 = 1 @ http://localhost:5173/assets/index-zLj2tvPy.js:86
[ 1701598ms] [ERROR] WebSocket connection to 'ws://localhost:5173/api/hub/market' failed: Invalid frame header @ http://localhost:5173/assets/index-zLj2tvPy.js:86
[ 1743490ms] [ERROR] Failed to load resource: the server responded with a status of 500 (Internal Server Error) @ http://localhost:5173/api/coin/detail/basic?market=swap&symbol=BTCUSDT&timeMode=local&tzOffsetMin=-660:0
[ 1831811ms] [ERROR] WebSocket connection to 'ws://localhost:5173/api/hub/market' failed: One or more reserved bits are on: reserved1 = 0, reserved2 = 1, reserved3 = 1 @ http://localhost:5173/assets/index-zLj2tvPy.js:86
[ 1835402ms] [ERROR] WebSocket connection to 'ws://localhost:5173/api/hub/market' failed: Error during WebSocket handshake: Unexpected response code: 502 @ http://localhost:5173/assets/index-zLj2tvPy.js:86
[ 1848104ms] [ERROR] WebSocket connection to 'ws://localhost:5173/api/hub/market' failed: Error during WebSocket handshake: Unexpected response code: 502 @ http://localhost:5173/assets/index-zLj2tvPy.js:86
[ 1867571ms] [ERROR] Failed to load resource: the server responded with a status of 500 (Internal Server Error) @ http://localhost:5173/api/coin/detail/basic?market=swap&symbol=BTCUSDT&timeMode=local&tzOffsetMin=-660:0
[ 1920375ms] [ERROR] Failed to load resource: the server responded with a status of 500 (Internal Server Error) @ http://localhost:5173/api/coin/detail/basic?market=swap&symbol=BTCUSDT&timeMode=local&tzOffsetMin=-660:0
[ 1966465ms] [ERROR] WebSocket connection to 'ws://localhost:5173/api/hub/market' failed: Invalid frame header @ http://localhost:5173/assets/index-zLj2tvPy.js:86
[ 1980879ms] [ERROR] Failed to load resource: the server responded with a status of 500 (Internal Server Error) @ http://localhost:5173/api/coin/detail/basic?market=swap&symbol=BTCUSDT&timeMode=local&tzOffsetMin=-660:0
[ 1981902ms] [ERROR] WebSocket connection to 'ws://localhost:5173/api/hub/market' failed: Invalid frame header @ http://localhost:5173/assets/index-zLj2tvPy.js:86
[ 1990658ms] [ERROR] WebSocket connection to 'ws://localhost:5173/api/hub/market' failed: One or more reserved bits are on: reserved1 = 0, reserved2 = 1, reserved3 = 1 @ http://localhost:5173/assets/index-zLj2tvPy.js:86
[ 2001377ms] [ERROR] WebSocket connection to 'ws://localhost:5173/api/hub/market' failed: Error during WebSocket handshake: Unexpected response code: 502 @ http://localhost:5173/assets/index-zLj2tvPy.js:86
[ 2001377ms] [ERROR] Failed to load resource: the server responded with a status of 502 (Bad Gateway) @ http://localhost:5173/healthz:0
[ 2005803ms] [ERROR] WebSocket connection to 'ws://localhost:5173/api/hub/market' failed: One or more reserved bits are on: reserved1 = 0, reserved2 = 1, reserved3 = 0 @ http://localhost:5173/assets/index-zLj2tvPy.js:86
[ 2017408ms] [ERROR] WebSocket connection to 'ws://localhost:5173/api/hub/market' failed: Error during WebSocket handshake: Unexpected response code: 502 @ http://localhost:5173/assets/index-zLj2tvPy.js:86
[ 2017409ms] [ERROR] Failed to load resource: the server responded with a status of 502 (Bad Gateway) @ http://localhost:5173/healthz:0
[ 2024579ms] [ERROR] WebSocket connection to 'ws://localhost:5173/api/hub/market' failed: Error during WebSocket handshake: Unexpected response code: 502 @ http://localhost:5173/assets/index-zLj2tvPy.js:86
[ 2028288ms] [ERROR] Failed to load resource: the server responded with a status of 502 (Bad Gateway) @ http://localhost:5173/healthz:0
[ 2045342ms] [ERROR] WebSocket connection to 'ws://localhost:5173/api/hub/market' failed: Error during WebSocket handshake: Unexpected response code: 502 @ http://localhost:5173/assets/index-zLj2tvPy.js:86
[ 2045343ms] [ERROR] Failed to load resource: the server responded with a status of 502 (Bad Gateway) @ http://localhost:5173/api/coin/detail/basic?market=swap&symbol=BTCUSDT&timeMode=local&tzOffsetMin=-660:0
[ 2045347ms] [ERROR] Failed to load resource: the server responded with a status of 502 (Bad Gateway) @ http://localhost:5173/api/coin/detail/fund/snapshots?symbol=BTCUSDT&timeMode=local&tzOffsetMin=-660:0
[ 2045347ms] [ERROR] Failed to load resource: the server responded with a status of 502 (Bad Gateway) @ http://localhost:5173/api/coin/detail/fund/snapshot-health?symbol=BTCUSDT&timeMode=local&tzOffsetMin=-660:0
[ 2045351ms] [ERROR] Failed to load resource: the server responded with a status of 502 (Bad Gateway) @ http://localhost:5173/api/coin/detail/flows/hourly?symbol=BTCUSDT&hours=24:0
[ 2045352ms] [ERROR] Failed to load resource: the server responded with a status of 502 (Bad Gateway) @ http://localhost:5173/api/coin/detail/flows/daily?symbol=BTCUSDT&days=30:0
[ 2045352ms] [ERROR] Failed to load resource: the server responded with a status of 502 (Bad Gateway) @ http://localhost:5173/api/coin/detail/flows/daily?symbol=BTCUSDT&days=30&includeToday=1:0
[ 2048423ms] [ERROR] Failed to load resource: the server responded with a status of 502 (Bad Gateway) @ http://localhost:5173/api/coin/detail/oi/hourly?market=swap&symbol=BTCUSDT&hours=24:0
[ 2048423ms] [ERROR] Failed to load resource: the server responded with a status of 502 (Bad Gateway) @ http://localhost:5173/api/coin/detail/recent/daily?market=swap&symbol=BTCUSDT&days=20&includeToday=1:0
[ 2048423ms] [ERROR] Failed to load resource: the server responded with a status of 502 (Bad Gateway) @ http://localhost:5173/api/coin/detail/sr/short?market=swap&symbol=BTCUSDT&days=5&limit=5&timeframe=1h:0
[ 2048423ms] [ERROR] Failed to load resource: the server responded with a status of 502 (Bad Gateway) @ http://localhost:5173/api/coin/detail/sr/short?market=swap&symbol=BTCUSDT&days=5&limit=5&timeframe=15m:0
[ 2048424ms] [ERROR] Failed to load resource: the server responded with a status of 502 (Bad Gateway) @ http://localhost:5173/api/coin/detail/oi/daily?market=swap&symbol=BTCUSDT&days=30:0
[ 2048424ms] [ERROR] Failed to load resource: the server responded with a status of 502 (Bad Gateway) @ http://localhost:5173/api/coin/detail/lsr/hourly?symbol=BTCUSDT&limit=6:0
[ 2051486ms] [ERROR] WebSocket connection to 'ws://localhost:5173/api/hub/market' failed: Error during WebSocket handshake: Unexpected response code: 502 @ http://localhost:5173/assets/index-zLj2tvPy.js:86
[ 2051488ms] [ERROR] Failed to load resource: the server responded with a status of 502 (Bad Gateway) @ http://localhost:5173/api/coin/detail/orderbook/whale-radar?symbol=BTCUSDT&lookbackMinutes=240&topK=20:0
[ 2051488ms] [ERROR] Failed to load resource: the server responded with a status of 502 (Bad Gateway) @ http://localhost:5173/healthz:0
[ 2051489ms] [ERROR] Failed to load resource: the server responded with a status of 502 (Bad Gateway) @ http://localhost:5173/api/coin/detail/quant-dashboard?symbol=BTCUSDT&market=swap&bucket=1h&limit=240:0
[ 2051491ms] [ERROR] Failed to load resource: the server responded with a status of 502 (Bad Gateway) @ http://localhost:5173/api/coin/detail/orderbook/intraday?symbol=BTCUSDT&bucket=1m&limit=240:0
[ 2058301ms] [ERROR] Failed to load resource: the server responded with a status of 502 (Bad Gateway) @ http://localhost:5173/healthz:0
[ 2063133ms] [ERROR] WebSocket connection to 'ws://localhost:5173/api/hub/market' failed: Error during WebSocket handshake: Unexpected response code: 502 @ http://localhost:5173/assets/index-zLj2tvPy.js:86
[ 2073277ms] [ERROR] Failed to load resource: the server responded with a status of 502 (Bad Gateway) @ http://localhost:5173/healthz:0
[ 2082464ms] [ERROR] WebSocket connection to 'ws://localhost:5173/api/hub/market' failed: Error during WebSocket handshake: Unexpected response code: 502 @ http://localhost:5173/assets/index-zLj2tvPy.js:86
[ 2085264ms] [ERROR] Failed to load resource: the server responded with a status of 502 (Bad Gateway) @ http://localhost:5173/healthz:0
[ 2100456ms] [ERROR] Failed to load resource: the server responded with a status of 500 (Internal Server Error) @ http://localhost:5173/api/coin/detail/basic?market=swap&symbol=BTCUSDT&timeMode=local&tzOffsetMin=-660:0
[ 2154088ms] [ERROR] WebSocket connection to 'ws://localhost:5173/api/hub/market' failed: Invalid frame header @ http://localhost:5173/assets/index-zLj2tvPy.js:86
[ 2162737ms] [ERROR] WebSocket connection to 'ws://localhost:5173/api/hub/market' failed: Invalid frame header @ http://localhost:5173/assets/index-zLj2tvPy.js:86
[ 2170204ms] [ERROR] WebSocket connection to 'ws://localhost:5173/api/hub/market' failed: Error during WebSocket handshake: Unexpected response code: 502 @ http://localhost:5173/assets/index-zLj2tvPy.js:86
[ 2185048ms] [ERROR] WebSocket connection to 'ws://localhost:5173/api/hub/market' failed: One or more reserved bits are on: reserved1 = 0, reserved2 = 1, reserved3 = 1 @ http://localhost:5173/assets/index-zLj2tvPy.js:86
[ 2195254ms] [ERROR] WebSocket connection to 'ws://localhost:5173/api/hub/market' failed: Error during WebSocket handshake: Unexpected response code: 502 @ http://localhost:5173/assets/index-zLj2tvPy.js:86
[ 2195254ms] [ERROR] Failed to load resource: the server responded with a status of 502 (Bad Gateway) @ http://localhost:5173/healthz:0
[ 2200180ms] [ERROR] WebSocket connection to 'ws://localhost:5173/api/hub/market' failed: One or more reserved bits are on: reserved1 = 0, reserved2 = 1, reserved3 = 0 @ http://localhost:5173/assets/index-zLj2tvPy.js:86
[ 2210677ms] [ERROR] WebSocket connection to 'ws://localhost:5173/api/hub/market' failed: Error during WebSocket handshake: Unexpected response code: 502 @ http://localhost:5173/assets/index-zLj2tvPy.js:86
[ 2210678ms] [ERROR] Failed to load resource: the server responded with a status of 502 (Bad Gateway) @ http://localhost:5173/healthz:0
[ 2217780ms] [ERROR] WebSocket connection to 'ws://localhost:5173/api/hub/market' failed: Error during WebSocket handshake: Unexpected response code: 502 @ http://localhost:5173/assets/index-zLj2tvPy.js:86
[ 2223285ms] [ERROR] Failed to load resource: the server responded with a status of 502 (Bad Gateway) @ http://localhost:5173/api/coin/detail/basic?market=swap&symbol=BTCUSDT&timeMode=local&tzOffsetMin=-660:0
[ 2223288ms] [ERROR] Failed to load resource: the server responded with a status of 502 (Bad Gateway) @ http://localhost:5173/api/coin/detail/fund/snapshots?symbol=BTCUSDT&timeMode=local&tzOffsetMin=-660:0
[ 2223288ms] [ERROR] Failed to load resource: the server responded with a status of 502 (Bad Gateway) @ http://localhost:5173/api/coin/detail/fund/snapshot-health?symbol=BTCUSDT&timeMode=local&tzOffsetMin=-660:0
[ 2223294ms] [ERROR] Failed to load resource: the server responded with a status of 502 (Bad Gateway) @ http://localhost:5173/api/coin/detail/flows/hourly?symbol=BTCUSDT&hours=24:0
[ 2223294ms] [ERROR] Failed to load resource: the server responded with a status of 502 (Bad Gateway) @ http://localhost:5173/api/coin/detail/flows/daily?symbol=BTCUSDT&days=30:0
[ 2223294ms] [ERROR] Failed to load resource: the server responded with a status of 502 (Bad Gateway) @ http://localhost:5173/api/coin/detail/flows/daily?symbol=BTCUSDT&days=30&includeToday=1:0
[ 2226055ms] [ERROR] Failed to load resource: the server responded with a status of 502 (Bad Gateway) @ http://localhost:5173/api/coin/detail/oi/daily?market=swap&symbol=BTCUSDT&days=30:0
[ 2226055ms] [ERROR] Failed to load resource: the server responded with a status of 502 (Bad Gateway) @ http://localhost:5173/api/coin/detail/recent/daily?market=swap&symbol=BTCUSDT&days=20&includeToday=1:0
[ 2226059ms] [ERROR] Failed to load resource: the server responded with a status of 502 (Bad Gateway) @ http://localhost:5173/api/coin/detail/oi/hourly?market=swap&symbol=BTCUSDT&hours=24:0
[ 2226059ms] [ERROR] Failed to load resource: the server responded with a status of 502 (Bad Gateway) @ http://localhost:5173/api/coin/detail/lsr/hourly?symbol=BTCUSDT&limit=6:0
[ 2226059ms] [ERROR] Failed to load resource: the server responded with a status of 502 (Bad Gateway) @ http://localhost:5173/api/coin/detail/sr/short?market=swap&symbol=BTCUSDT&days=5&limit=5&timeframe=1h:0
[ 2226060ms] [ERROR] Failed to load resource: the server responded with a status of 502 (Bad Gateway) @ http://localhost:5173/api/coin/detail/sr/short?market=swap&symbol=BTCUSDT&days=5&limit=5&timeframe=15m:0
[ 2226061ms] [ERROR] Failed to load resource: the server responded with a status of 502 (Bad Gateway) @ http://localhost:5173/api/coin/detail/orderbook/intraday?symbol=BTCUSDT&bucket=1m&limit=240:0
[ 2226063ms] [ERROR] Failed to load resource: the server responded with a status of 502 (Bad Gateway) @ http://localhost:5173/api/coin/detail/quant-dashboard?symbol=BTCUSDT&market=swap&bucket=1h&limit=240:0
[ 2226063ms] [ERROR] Failed to load resource: the server responded with a status of 502 (Bad Gateway) @ http://localhost:5173/api/coin/detail/orderbook/whale-radar?symbol=BTCUSDT&lookbackMinutes=240&topK=20:0
[ 2226063ms] [ERROR] Failed to load resource: the server responded with a status of 502 (Bad Gateway) @ http://localhost:5173/healthz:0
[ 2226082ms] [ERROR] WebSocket connection to 'ws://localhost:5173/api/hub/market' failed: Error during WebSocket handshake: Unexpected response code: 502 @ http://localhost:5173/assets/index-zLj2tvPy.js:86
[ 2280411ms] [ERROR] Failed to load resource: the server responded with a status of 500 (Internal Server Error) @ http://localhost:5173/api/coin/detail/basic?market=swap&symbol=BTCUSDT&timeMode=local&tzOffsetMin=-660:0
[ 2298908ms] [ERROR] WebSocket connection to 'ws://localhost:5173/api/hub/market' failed: Invalid frame header @ http://localhost:5173/assets/index-zLj2tvPy.js:86
[ 2311212ms] [ERROR] WebSocket connection to 'ws://localhost:5173/api/hub/market' failed: One or more reserved bits are on: reserved1 = 0, reserved2 = 1, reserved3 = 1 @ http://localhost:5173/assets/index-zLj2tvPy.js:86
[ 2340456ms] [ERROR] Failed to load resource: the server responded with a status of 500 (Internal Server Error) @ http://localhost:5173/api/coin/detail/basic?market=swap&symbol=BTCUSDT&timeMode=local&tzOffsetMin=-660:0
[ 2340616ms] [ERROR] WebSocket connection to 'ws://localhost:5173/api/hub/market' failed: One or more reserved bits are on: reserved1 = 0, reserved2 = 1, reserved3 = 0 @ http://localhost:5173/assets/index-zLj2tvPy.js:86
[ 2340639ms] [ERROR] Failed to load resource: the server responded with a status of 502 (Bad Gateway) @ http://localhost:5173/api/coin/detail/orderbook/whale-radar?symbol=BTCUSDT&lookbackMinutes=240&topK=20:0
[ 2340639ms] [ERROR] Failed to load resource: the server responded with a status of 502 (Bad Gateway) @ http://localhost:5173/api/coin/detail/lsr/hourly?symbol=BTCUSDT&limit=6:0
[ 2447971ms] [ERROR] WebSocket connection to 'ws://localhost:5173/api/hub/market' failed: One or more reserved bits are on: reserved1 = 0, reserved2 = 1, reserved3 = 1 @ http://localhost:5173/assets/index-zLj2tvPy.js:86
[ 2460238ms] [ERROR] Failed to load resource: the server responded with a status of 502 (Bad Gateway) @ http://localhost:5173/api/coin/detail/basic?market=swap&symbol=BTCUSDT&timeMode=local&tzOffsetMin=-660:0
[ 2460241ms] [ERROR] Failed to load resource: the server responded with a status of 502 (Bad Gateway) @ http://localhost:5173/api/coin/detail/fund/snapshots?symbol=BTCUSDT&timeMode=local&tzOffsetMin=-660:0
[ 2460244ms] [ERROR] Failed to load resource: the server responded with a status of 502 (Bad Gateway) @ http://localhost:5173/api/coin/detail/flows/hourly?symbol=BTCUSDT&hours=24:0
[ 2460244ms] [ERROR] Failed to load resource: the server responded with a status of 502 (Bad Gateway) @ http://localhost:5173/api/coin/detail/fund/snapshot-health?symbol=BTCUSDT&timeMode=local&tzOffsetMin=-660:0
[ 2460244ms] [ERROR] Failed to load resource: the server responded with a status of 502 (Bad Gateway) @ http://localhost:5173/api/coin/detail/flows/daily?symbol=BTCUSDT&days=30:0
[ 2460245ms] [ERROR] Failed to load resource: the server responded with a status of 502 (Bad Gateway) @ http://localhost:5173/api/coin/detail/flows/daily?symbol=BTCUSDT&days=30&includeToday=1:0
[ 2460246ms] [ERROR] Failed to load resource: the server responded with a status of 502 (Bad Gateway) @ http://localhost:5173/api/coin/detail/recent/daily?market=swap&symbol=BTCUSDT&days=20&includeToday=1:0
[ 2460250ms] [ERROR] Failed to load resource: the server responded with a status of 502 (Bad Gateway) @ http://localhost:5173/api/coin/detail/oi/hourly?market=swap&symbol=BTCUSDT&hours=24:0
[ 2460250ms] [ERROR] Failed to load resource: the server responded with a status of 502 (Bad Gateway) @ http://localhost:5173/api/coin/detail/oi/daily?market=swap&symbol=BTCUSDT&days=30:0
[ 2460250ms] [ERROR] Failed to load resource: the server responded with a status of 502 (Bad Gateway) @ http://localhost:5173/api/coin/detail/lsr/hourly?symbol=BTCUSDT&limit=6:0
[ 2460250ms] [ERROR] Failed to load resource: the server responded with a status of 502 (Bad Gateway) @ http://localhost:5173/api/coin/detail/sr/short?market=swap&symbol=BTCUSDT&days=5&limit=5&timeframe=15m:0
[ 2460251ms] [ERROR] Failed to load resource: the server responded with a status of 502 (Bad Gateway) @ http://localhost:5173/api/coin/detail/sr/short?market=swap&symbol=BTCUSDT&days=5&limit=5&timeframe=1h:0
[ 2460253ms] [ERROR] Failed to load resource: the server responded with a status of 502 (Bad Gateway) @ http://localhost:5173/api/coin/detail/orderbook/intraday?symbol=BTCUSDT&bucket=1m&limit=240:0
[ 2460257ms] [ERROR] Failed to load resource: the server responded with a status of 502 (Bad Gateway) @ http://localhost:5173/api/coin/detail/quant-dashboard?symbol=BTCUSDT&market=swap&bucket=1h&limit=240:0
[ 2460258ms] [ERROR] Failed to load resource: the server responded with a status of 502 (Bad Gateway) @ http://localhost:5173/api/coin/detail/orderbook/whale-radar?symbol=BTCUSDT&lookbackMinutes=240&topK=20:0
[ 2460258ms] [ERROR] Failed to load resource: the server responded with a status of 502 (Bad Gateway) @ http://localhost:5173/healthz:0
[ 2462305ms] [ERROR] WebSocket connection to 'ws://localhost:5173/api/hub/market' failed: One or more reserved bits are on: reserved1 = 0, reserved2 = 1, reserved3 = 0 @ http://localhost:5173/assets/index-zLj2tvPy.js:86
[ 2520389ms] [ERROR] Failed to load resource: the server responded with a status of 500 (Internal Server Error) @ http://localhost:5173/api/coin/detail/basic?market=swap&symbol=BTCUSDT&timeMode=local&tzOffsetMin=-660:0
[ 2569552ms] [ERROR] WebSocket connection to 'ws://localhost:5173/api/hub/market' failed: One or more reserved bits are on: reserved1 = 0, reserved2 = 1, reserved3 = 0 @ http://localhost:5173/assets/index-zLj2tvPy.js:86
[ 2577791ms] [ERROR] WebSocket connection to 'ws://localhost:5173/api/hub/market' failed: Invalid frame header @ http://localhost:5173/assets/index-zLj2tvPy.js:86
[ 2580454ms] [ERROR] Failed to load resource: the server responded with a status of 500 (Internal Server Error) @ http://localhost:5173/api/coin/detail/basic?market=swap&symbol=BTCUSDT&timeMode=local&tzOffsetMin=-660:0
[ 2584946ms] [ERROR] WebSocket connection to 'ws://localhost:5173/api/hub/market' failed: Invalid frame header @ http://localhost:5173/assets/index-zLj2tvPy.js:86
[ 2590510ms] [ERROR] WebSocket connection to 'ws://localhost:5173/api/hub/market' failed: Invalid frame header @ http://localhost:5173/assets/index-zLj2tvPy.js:86
[ 2608867ms] [ERROR] WebSocket connection to 'ws://localhost:5173/api/hub/market' failed: Error during WebSocket handshake: Unexpected response code: 502 @ http://localhost:5173/assets/index-zLj2tvPy.js:86
[ 2612342ms] [ERROR] Failed to load resource: the server responded with a status of 502 (Bad Gateway) @ http://localhost:5173/healthz:0
[ 2640300ms] [ERROR] Failed to load resource: the server responded with a status of 502 (Bad Gateway) @ http://localhost:5173/api/coin/detail/basic?market=swap&symbol=BTCUSDT&timeMode=local&tzOffsetMin=-660:0
[ 2640302ms] [ERROR] Failed to load resource: the server responded with a status of 502 (Bad Gateway) @ http://localhost:5173/api/coin/detail/fund/snapshots?symbol=BTCUSDT&timeMode=local&tzOffsetMin=-660:0
[ 2640303ms] [ERROR] Failed to load resource: the server responded with a status of 502 (Bad Gateway) @ http://localhost:5173/api/coin/detail/fund/snapshot-health?symbol=BTCUSDT&timeMode=local&tzOffsetMin=-660:0
[ 2640306ms] [ERROR] Failed to load resource: the server responded with a status of 502 (Bad Gateway) @ http://localhost:5173/api/coin/detail/flows/hourly?symbol=BTCUSDT&hours=24:0
[ 2640306ms] [ERROR] Failed to load resource: the server responded with a status of 502 (Bad Gateway) @ http://localhost:5173/api/coin/detail/flows/daily?symbol=BTCUSDT&days=30:0
[ 2640308ms] [ERROR] Failed to load resource: the server responded with a status of 502 (Bad Gateway) @ http://localhost:5173/api/coin/detail/flows/daily?symbol=BTCUSDT&days=30&includeToday=1:0
[ 2640308ms] [ERROR] Failed to load resource: the server responded with a status of 502 (Bad Gateway) @ http://localhost:5173/api/coin/detail/recent/daily?market=swap&symbol=BTCUSDT&days=20&includeToday=1:0
[ 2640309ms] [ERROR] Failed to load resource: the server responded with a status of 502 (Bad Gateway) @ http://localhost:5173/api/coin/detail/oi/hourly?market=swap&symbol=BTCUSDT&hours=24:0
[ 2640310ms] [ERROR] Failed to load resource: the server responded with a status of 502 (Bad Gateway) @ http://localhost:5173/api/coin/detail/oi/daily?market=swap&symbol=BTCUSDT&days=30:0
[ 2640313ms] [ERROR] Failed to load resource: the server responded with a status of 502 (Bad Gateway) @ http://localhost:5173/api/coin/detail/lsr/hourly?symbol=BTCUSDT&limit=6:0
[ 2640314ms] [ERROR] Failed to load resource: the server responded with a status of 502 (Bad Gateway) @ http://localhost:5173/api/coin/detail/sr/short?market=swap&symbol=BTCUSDT&days=5&limit=5&timeframe=1h:0
[ 2640314ms] [ERROR] Failed to load resource: the server responded with a status of 502 (Bad Gateway) @ http://localhost:5173/api/coin/detail/sr/short?market=swap&symbol=BTCUSDT&days=5&limit=5&timeframe=15m:0
[ 2640317ms] [ERROR] Failed to load resource: the server responded with a status of 502 (Bad Gateway) @ http://localhost:5173/api/coin/detail/orderbook/intraday?symbol=BTCUSDT&bucket=1m&limit=240:0
[ 2640318ms] [ERROR] Failed to load resource: the server responded with a status of 502 (Bad Gateway) @ http://localhost:5173/api/coin/detail/quant-dashboard?symbol=BTCUSDT&market=swap&bucket=1h&limit=240:0
[ 2640318ms] [ERROR] Failed to load resource: the server responded with a status of 502 (Bad Gateway) @ http://localhost:5173/api/coin/detail/orderbook/whale-radar?symbol=BTCUSDT&lookbackMinutes=240&topK=20:0
[ 2700371ms] [ERROR] Failed to load resource: the server responded with a status of 500 (Internal Server Error) @ http://localhost:5173/api/coin/detail/basic?market=swap&symbol=BTCUSDT&timeMode=local&tzOffsetMin=-660:0
[ 2706389ms] [ERROR] WebSocket connection to 'ws://localhost:5173/api/hub/market' failed: One or more reserved bits are on: reserved1 = 0, reserved2 = 1, reserved3 = 0 @ http://localhost:5173/assets/index-zLj2tvPy.js:86
[ 2709081ms] [ERROR] WebSocket connection to 'ws://localhost:5173/api/hub/market' failed: Invalid frame header @ http://localhost:5173/assets/index-zLj2tvPy.js:86
[ 2733764ms] [ERROR] WebSocket connection to 'ws://localhost:5173/api/hub/market' failed: Error during WebSocket handshake: Unexpected response code: 502 @ http://localhost:5173/assets/index-zLj2tvPy.js:86
[ 2739845ms] [ERROR] WebSocket connection to 'ws://localhost:5173/api/hub/market' failed: One or more reserved bits are on: reserved1 = 0, reserved2 = 1, reserved3 = 1 @ http://localhost:5173/assets/index-zLj2tvPy.js:86
[ 2754951ms] [ERROR] WebSocket connection to 'ws://localhost:5173/api/hub/market' failed: Invalid frame header @ http://localhost:5173/assets/index-zLj2tvPy.js:86
[ 2765335ms] [ERROR] WebSocket connection to 'ws://localhost:5173/api/hub/market' failed: Error during WebSocket handshake: Unexpected response code: 502 @ http://localhost:5173/assets/index-zLj2tvPy.js:86
[ 2765336ms] [ERROR] Failed to load resource: the server responded with a status of 502 (Bad Gateway) @ http://localhost:5173/api/coin/detail/basic?market=swap&symbol=BTCUSDT&timeMode=local&tzOffsetMin=-660:0
[ 2765338ms] [ERROR] Failed to load resource: the server responded with a status of 502 (Bad Gateway) @ http://localhost:5173/api/coin/detail/fund/snapshots?symbol=BTCUSDT&timeMode=local&tzOffsetMin=-660:0
[ 2765339ms] [ERROR] Failed to load resource: the server responded with a status of 502 (Bad Gateway) @ http://localhost:5173/api/coin/detail/fund/snapshot-health?symbol=BTCUSDT&timeMode=local&tzOffsetMin=-660:0
[ 2765344ms] [ERROR] Failed to load resource: the server responded with a status of 502 (Bad Gateway) @ http://localhost:5173/api/coin/detail/flows/hourly?symbol=BTCUSDT&hours=24:0
[ 2765344ms] [ERROR] Failed to load resource: the server responded with a status of 502 (Bad Gateway) @ http://localhost:5173/api/coin/detail/flows/daily?symbol=BTCUSDT&days=30:0
[ 2765344ms] [ERROR] Failed to load resource: the server responded with a status of 502 (Bad Gateway) @ http://localhost:5173/healthz:0
[ 2768414ms] [ERROR] Failed to load resource: the server responded with a status of 502 (Bad Gateway) @ http://localhost:5173/api/coin/detail/recent/daily?market=swap&symbol=BTCUSDT&days=20&includeToday=1:0
[ 2768414ms] [ERROR] Failed to load resource: the server responded with a status of 502 (Bad Gateway) @ http://localhost:5173/api/coin/detail/flows/daily?symbol=BTCUSDT&days=30&includeToday=1:0
[ 2768429ms] [ERROR] Failed to load resource: the server responded with a status of 502 (Bad Gateway) @ http://localhost:5173/api/coin/detail/oi/hourly?market=swap&symbol=BTCUSDT&hours=24:0
[ 2768429ms] [ERROR] Failed to load resource: the server responded with a status of 502 (Bad Gateway) @ http://localhost:5173/api/coin/detail/oi/daily?market=swap&symbol=BTCUSDT&days=30:0
[ 2768430ms] [ERROR] Failed to load resource: the server responded with a status of 502 (Bad Gateway) @ http://localhost:5173/api/coin/detail/sr/short?market=swap&symbol=BTCUSDT&days=5&limit=5&timeframe=1h:0
[ 2768430ms] [ERROR] Failed to load resource: the server responded with a status of 502 (Bad Gateway) @ http://localhost:5173/api/coin/detail/lsr/hourly?symbol=BTCUSDT&limit=6:0
[ 2771482ms] [ERROR] WebSocket connection to 'ws://localhost:5173/api/hub/market' failed: Error during WebSocket handshake: Unexpected response code: 502 @ http://localhost:5173/assets/index-zLj2tvPy.js:86
[ 2771483ms] [ERROR] Failed to load resource: the server responded with a status of 502 (Bad Gateway) @ http://localhost:5173/api/coin/detail/orderbook/whale-radar?symbol=BTCUSDT&lookbackMinutes=240&topK=20:0
[ 2771485ms] [ERROR] Failed to load resource: the server responded with a status of 502 (Bad Gateway) @ http://localhost:5173/api/coin/detail/quant-dashboard?symbol=BTCUSDT&market=swap&bucket=1h&limit=240:0
[ 2771487ms] [ERROR] Failed to load resource: the server responded with a status of 502 (Bad Gateway) @ http://localhost:5173/api/coin/detail/orderbook/intraday?symbol=BTCUSDT&bucket=1m&limit=240:0
[ 2771487ms] [ERROR] Failed to load resource: the server responded with a status of 502 (Bad Gateway) @ http://localhost:5173/api/coin/detail/sr/short?market=swap&symbol=BTCUSDT&days=5&limit=5&timeframe=15m:0
[ 2771487ms] [ERROR] Failed to load resource: the server responded with a status of 502 (Bad Gateway) @ http://localhost:5173/healthz:0
[ 2778294ms] [ERROR] Failed to load resource: the server responded with a status of 502 (Bad Gateway) @ http://localhost:5173/healthz:0
[ 2780820ms] [ERROR] WebSocket connection to 'ws://localhost:5173/api/hub/market' failed: Error during WebSocket handshake: Unexpected response code: 502 @ http://localhost:5173/assets/index-zLj2tvPy.js:86
[ 2820379ms] [ERROR] Failed to load resource: the server responded with a status of 500 (Internal Server Error) @ http://localhost:5173/api/coin/detail/basic?market=swap&symbol=BTCUSDT&timeMode=local&tzOffsetMin=-660:0
[ 2852212ms] [ERROR] WebSocket connection to 'ws://localhost:5173/api/hub/market' failed: One or more reserved bits are on: reserved1 = 0, reserved2 = 1, reserved3 = 0 @ http://localhost:5173/assets/index-zLj2tvPy.js:86
[ 2887285ms] [ERROR] WebSocket connection to 'ws://localhost:5173/api/hub/market' failed: Error during WebSocket handshake: Unexpected response code: 502 @ http://localhost:5173/assets/index-zLj2tvPy.js:86
[ 2887286ms] [ERROR] Failed to load resource: the server responded with a status of 502 (Bad Gateway) @ http://localhost:5173/api/coin/detail/basic?market=swap&symbol=BTCUSDT&timeMode=local&tzOffsetMin=-660:0
[ 2887286ms] [ERROR] Failed to load resource: the server responded with a status of 502 (Bad Gateway) @ http://localhost:5173/api/coin/detail/flows/daily?symbol=BTCUSDT&days=30:0
[ 2887287ms] [ERROR] Failed to load resource: the server responded with a status of 502 (Bad Gateway) @ http://localhost:5173/api/coin/detail/flows/hourly?symbol=BTCUSDT&hours=24:0
[ 2887287ms] [ERROR] Failed to load resource: the server responded with a status of 502 (Bad Gateway) @ http://localhost:5173/api/coin/detail/fund/snapshot-health?symbol=BTCUSDT&timeMode=local&tzOffsetMin=-660:0
[ 2887291ms] [ERROR] Failed to load resource: the server responded with a status of 502 (Bad Gateway) @ http://localhost:5173/api/coin/detail/fund/snapshots?symbol=BTCUSDT&timeMode=local&tzOffsetMin=-660:0
[ 2887291ms] [ERROR] Failed to load resource: the server responded with a status of 502 (Bad Gateway) @ http://localhost:5173/api/coin/detail/flows/daily?symbol=BTCUSDT&days=30&includeToday=1:0
[ 2889429ms] [ERROR] Failed to load resource: the server responded with a status of 502 (Bad Gateway) @ http://localhost:5173/api/coin/detail/recent/daily?market=swap&symbol=BTCUSDT&days=20&includeToday=1:0
[ 2889430ms] [ERROR] Failed to load resource: the server responded with a status of 502 (Bad Gateway) @ http://localhost:5173/api/coin/detail/oi/hourly?market=swap&symbol=BTCUSDT&hours=24:0
[ 2889433ms] [ERROR] Failed to load resource: the server responded with a status of 502 (Bad Gateway) @ http://localhost:5173/api/coin/detail/oi/daily?market=swap&symbol=BTCUSDT&days=30:0
[ 2889433ms] [ERROR] Failed to load resource: the server responded with a status of 502 (Bad Gateway) @ http://localhost:5173/api/coin/detail/lsr/hourly?symbol=BTCUSDT&limit=6:0
[ 2889434ms] [ERROR] Failed to load resource: the server responded with a status of 502 (Bad Gateway) @ http://localhost:5173/api/coin/detail/sr/short?market=swap&symbol=BTCUSDT&days=5&limit=5&timeframe=1h:0
[ 2889434ms] [ERROR] Failed to load resource: the server responded with a status of 502 (Bad Gateway) @ http://localhost:5173/api/coin/detail/sr/short?market=swap&symbol=BTCUSDT&days=5&limit=5&timeframe=15m:0
[ 2889437ms] [ERROR] Failed to load resource: the server responded with a status of 502 (Bad Gateway) @ http://localhost:5173/api/coin/detail/quant-dashboard?symbol=BTCUSDT&market=swap&bucket=1h&limit=240:0
[ 2889439ms] [ERROR] Failed to load resource: the server responded with a status of 502 (Bad Gateway) @ http://localhost:5173/api/coin/detail/orderbook/intraday?symbol=BTCUSDT&bucket=1m&limit=240:0
[ 2889439ms] [ERROR] Failed to load resource: the server responded with a status of 502 (Bad Gateway) @ http://localhost:5173/healthz:0
[ 2889439ms] [ERROR] Failed to load resource: the server responded with a status of 502 (Bad Gateway) @ http://localhost:5173/api/coin/detail/orderbook/whale-radar?symbol=BTCUSDT&lookbackMinutes=240&topK=20:0
[ 2940373ms] [ERROR] Failed to load resource: the server responded with a status of 500 (Internal Server Error) @ http://localhost:5173/api/coin/detail/basic?market=swap&symbol=BTCUSDT&timeMode=local&tzOffsetMin=-660:0
[ 2992814ms] [ERROR] WebSocket connection to 'ws://localhost:5173/api/hub/market' failed: Invalid frame header @ http://localhost:5173/assets/index-zLj2tvPy.js:86
[ 3001390ms] [ERROR] Failed to load resource: the server responded with a status of 500 (Internal Server Error) @ http://localhost:5173/api/coin/detail/basic?market=swap&symbol=BTCUSDT&timeMode=local&tzOffsetMin=-660:0
[ 3014885ms] [ERROR] WebSocket connection to 'ws://localhost:5173/api/hub/market' failed: Error during WebSocket handshake: Unexpected response code: 502 @ http://localhost:5173/assets/index-zLj2tvPy.js:86
[ 3133795ms] [ERROR] WebSocket connection to 'ws://localhost:5173/api/hub/market' failed: Invalid frame header @ http://localhost:5173/assets/index-zLj2tvPy.js:86
[ 3139676ms] [ERROR] WebSocket connection to 'ws://localhost:5173/api/hub/market' failed: Invalid frame header @ http://localhost:5173/assets/index-zLj2tvPy.js:86
[ 3149135ms] [ERROR] WebSocket connection to 'ws://localhost:5173/api/hub/market' failed: Invalid frame header @ http://localhost:5173/assets/index-zLj2tvPy.js:86
[ 3157857ms] [ERROR] WebSocket connection to 'ws://localhost:5173/api/hub/market' failed: Invalid frame header @ http://localhost:5173/assets/index-zLj2tvPy.js:86
[ 3199901ms] [ERROR] Failed to load resource: the server responded with a status of 500 (Internal Server Error) @ http://localhost:5173/api/coin/detail/basic?market=swap&symbol=BTCUSDT&timeMode=local&tzOffsetMin=-660:0
[ 3240382ms] [ERROR] Failed to load resource: the server responded with a status of 500 (Internal Server Error) @ http://localhost:5173/api/coin/detail/basic?market=swap&symbol=BTCUSDT&timeMode=local&tzOffsetMin=-660:0
[ 3264886ms] [ERROR] WebSocket connection to 'ws://localhost:5173/api/hub/market' failed: Invalid frame header @ http://localhost:5173/assets/index-zLj2tvPy.js:86
[ 3270234ms] [ERROR] Failed to load resource: the server responded with a status of 502 (Bad Gateway) @ http://localhost:5173/healthz:0
[ 3280103ms] [ERROR] WebSocket connection to 'ws://localhost:5173/api/hub/market' failed: One or more reserved bits are on: reserved1 = 0, reserved2 = 1, reserved3 = 1 @ http://localhost:5173/assets/index-zLj2tvPy.js:86
[ 3305340ms] [ERROR] Failed to load resource: the server responded with a status of 502 (Bad Gateway) @ http://localhost:5173/api/coin/detail/basic?market=swap&symbol=BTCUSDT&timeMode=local&tzOffsetMin=-660:0
[ 3305340ms] [ERROR] Failed to load resource: the server responded with a status of 502 (Bad Gateway) @ http://localhost:5173/api/coin/detail/fund/snapshot-health?symbol=BTCUSDT&timeMode=local&tzOffsetMin=-660:0
[ 3305342ms] [ERROR] Failed to load resource: the server responded with a status of 502 (Bad Gateway) @ http://localhost:5173/api/coin/detail/fund/snapshots?symbol=BTCUSDT&timeMode=local&tzOffsetMin=-660:0
[ 3305346ms] [ERROR] Failed to load resource: the server responded with a status of 502 (Bad Gateway) @ http://localhost:5173/api/coin/detail/flows/hourly?symbol=BTCUSDT&hours=24:0
[ 3305346ms] [ERROR] Failed to load resource: the server responded with a status of 502 (Bad Gateway) @ http://localhost:5173/api/coin/detail/flows/daily?symbol=BTCUSDT&days=30:0
[ 3305346ms] [ERROR] Failed to load resource: the server responded with a status of 502 (Bad Gateway) @ http://localhost:5173/api/coin/detail/flows/daily?symbol=BTCUSDT&days=30&includeToday=1:0
[ 3307459ms] [ERROR] Failed to load resource: the server responded with a status of 502 (Bad Gateway) @ http://localhost:5173/api/coin/detail/recent/daily?market=swap&symbol=BTCUSDT&days=20&includeToday=1:0
[ 3307465ms] [ERROR] Failed to load resource: the server responded with a status of 502 (Bad Gateway) @ http://localhost:5173/api/coin/detail/oi/hourly?market=swap&symbol=BTCUSDT&hours=24:0
[ 3307466ms] [ERROR] Failed to load resource: the server responded with a status of 502 (Bad Gateway) @ http://localhost:5173/api/coin/detail/oi/daily?market=swap&symbol=BTCUSDT&days=30:0
[ 3307466ms] [ERROR] Failed to load resource: the server responded with a status of 502 (Bad Gateway) @ http://localhost:5173/api/coin/detail/sr/short?market=swap&symbol=BTCUSDT&days=5&limit=5&timeframe=15m:0
[ 3307466ms] [ERROR] Failed to load resource: the server responded with a status of 502 (Bad Gateway) @ http://localhost:5173/api/coin/detail/lsr/hourly?symbol=BTCUSDT&limit=6:0
[ 3307467ms] [ERROR] Failed to load resource: the server responded with a status of 502 (Bad Gateway) @ http://localhost:5173/api/coin/detail/sr/short?market=swap&symbol=BTCUSDT&days=5&limit=5&timeframe=1h:0
[ 3307468ms] [ERROR] Failed to load resource: the server responded with a status of 502 (Bad Gateway) @ http://localhost:5173/api/coin/detail/orderbook/intraday?symbol=BTCUSDT&bucket=1m&limit=240:0
[ 3307471ms] [ERROR] Failed to load resource: the server responded with a status of 502 (Bad Gateway) @ http://localhost:5173/api/coin/detail/quant-dashboard?symbol=BTCUSDT&market=swap&bucket=1h&limit=240:0
[ 3307472ms] [ERROR] Failed to load resource: the server responded with a status of 502 (Bad Gateway) @ http://localhost:5173/healthz:0
[ 3307472ms] [ERROR] Failed to load resource: the server responded with a status of 502 (Bad Gateway) @ http://localhost:5173/api/coin/detail/orderbook/whale-radar?symbol=BTCUSDT&lookbackMinutes=240&topK=20:0
[ 3335385ms] [ERROR] Failed to load resource: the server responded with a status of 502 (Bad Gateway) @ http://localhost:5173/healthz:0
[ 3335387ms] [ERROR] Failed to load resource: the server responded with a status of 502 (Bad Gateway) @ http://localhost:5173/healthz:0
[ 3360376ms] [ERROR] Failed to load resource: the server responded with a status of 500 (Internal Server Error) @ http://localhost:5173/api/coin/detail/basic?market=swap&symbol=BTCUSDT&timeMode=local&tzOffsetMin=-660:0
[ 3416555ms] [ERROR] WebSocket connection to 'ws://localhost:5173/api/hub/market' failed: One or more reserved bits are on: reserved1 = 0, reserved2 = 1, reserved3 = 1 @ http://localhost:5173/assets/index-zLj2tvPy.js:86
[ 3420375ms] [ERROR] Failed to load resource: the server responded with a status of 500 (Internal Server Error) @ http://localhost:5173/api/coin/detail/basic?market=swap&symbol=BTCUSDT&timeMode=local&tzOffsetMin=-660:0
[ 3420483ms] [ERROR] Failed to load resource: the server responded with a status of 502 (Bad Gateway) @ http://localhost:5173/api/coin/detail/orderbook/whale-radar?symbol=BTCUSDT&lookbackMinutes=240&topK=20:0
[ 3420484ms] [ERROR] Failed to load resource: the server responded with a status of 502 (Bad Gateway) @ http://localhost:5173/api/coin/detail/lsr/hourly?symbol=BTCUSDT&limit=6:0
[ 3426008ms] [ERROR] WebSocket connection to 'ws://localhost:5173/api/hub/market' failed: Invalid frame header @ http://localhost:5173/assets/index-zLj2tvPy.js:86
[ 3432648ms] [ERROR] WebSocket connection to 'ws://localhost:5173/api/hub/market' failed: Error during WebSocket handshake: Unexpected response code: 502 @ http://localhost:5173/assets/index-zLj2tvPy.js:86
[ 3438722ms] [ERROR] WebSocket connection to 'ws://localhost:5173/api/hub/market' failed: One or more reserved bits are on: reserved1 = 0, reserved2 = 1, reserved3 = 1 @ http://localhost:5173/assets/index-zLj2tvPy.js:86
[ 3453855ms] [ERROR] WebSocket connection to 'ws://localhost:5173/api/hub/market' failed: One or more reserved bits are on: reserved1 = 0, reserved2 = 1, reserved3 = 0 @ http://localhost:5173/assets/index-zLj2tvPy.js:86
[ 3464242ms] [ERROR] WebSocket connection to 'ws://localhost:5173/api/hub/market' failed: Error during WebSocket handshake: Unexpected response code: 502 @ http://localhost:5173/assets/index-zLj2tvPy.js:86
[ 3468308ms] [ERROR] Failed to load resource: the server responded with a status of 502 (Bad Gateway) @ http://localhost:5173/healthz:0
[ 3472061ms] [ERROR] WebSocket connection to 'ws://localhost:5173/api/hub/market' failed: Error during WebSocket handshake: Unexpected response code: 502 @ http://localhost:5173/assets/index-zLj2tvPy.js:86
[ 3480376ms] [ERROR] Failed to load resource: the server responded with a status of 500 (Internal Server Error) @ http://localhost:5173/api/coin/detail/basic?market=swap&symbol=BTCUSDT&timeMode=local&tzOffsetMin=-660:0
[ 3517681ms] [ERROR] Failed to load resource: the server responded with a status of 502 (Bad Gateway) @ http://localhost:5173/healthz:0
[ 3520753ms] [ERROR] WebSocket connection to 'ws://localhost:5173/api/hub/market' failed: Error during WebSocket handshake: Unexpected response code: 502 @ http://localhost:5173/assets/index-zLj2tvPy.js:86
[ 3520753ms] [ERROR] Failed to load resource: the server responded with a status of 502 (Bad Gateway) @ http://localhost:5173/healthz:0
[ 3527856ms] [ERROR] WebSocket connection to 'ws://localhost:5173/api/hub/market' failed: Error during WebSocket handshake: Unexpected response code: 502 @ http://localhost:5173/assets/index-zLj2tvPy.js:86
[ 3527856ms] [ERROR] Failed to load resource: the server responded with a status of 502 (Bad Gateway) @ http://localhost:5173/healthz:0
[ 3578861ms] [ERROR] WebSocket connection to 'ws://localhost:5173/api/hub/market' failed: Error during WebSocket handshake: Unexpected response code: 502 @ http://localhost:5173/assets/index-zLj2tvPy.js:86
[ 3578862ms] [ERROR] Failed to load resource: the server responded with a status of 502 (Bad Gateway) @ http://localhost:5173/api/coin/detail/flows/daily?symbol=BTCUSDT&days=30&includeToday=1:0
[ 3578862ms] [ERROR] Failed to load resource: the server responded with a status of 502 (Bad Gateway) @ http://localhost:5173/api/coin/detail/flows/daily?symbol=BTCUSDT&days=30:0
[ 3578864ms] [ERROR] Failed to load resource: the server responded with a status of 502 (Bad Gateway) @ http://localhost:5173/api/coin/detail/flows/hourly?symbol=BTCUSDT&hours=24:0
[ 3578868ms] [ERROR] Failed to load resource: the server responded with a status of 502 (Bad Gateway) @ http://localhost:5173/api/coin/detail/fund/snapshots?symbol=BTCUSDT&timeMode=local&tzOffsetMin=-660:0
[ 3578868ms] [ERROR] Failed to load resource: the server responded with a status of 502 (Bad Gateway) @ http://localhost:5173/api/coin/detail/fund/snapshot-health?symbol=BTCUSDT&timeMode=local&tzOffsetMin=-660:0
[ 3578868ms] [ERROR] Failed to load resource: the server responded with a status of 502 (Bad Gateway) @ http://localhost:5173/api/coin/detail/basic?market=swap&symbol=BTCUSDT&timeMode=local&tzOffsetMin=-660:0
[ 3581934ms] [ERROR] Failed to load resource: the server responded with a status of 502 (Bad Gateway) @ http://localhost:5173/api/coin/detail/recent/daily?market=swap&symbol=BTCUSDT&days=20&includeToday=1:0
[ 3581938ms] [ERROR] Failed to load resource: the server responded with a status of 502 (Bad Gateway) @ http://localhost:5173/api/coin/detail/oi/hourly?market=swap&symbol=BTCUSDT&hours=24:0
[ 3581938ms] [ERROR] Failed to load resource: the server responded with a status of 502 (Bad Gateway) @ http://localhost:5173/api/coin/detail/oi/daily?market=swap&symbol=BTCUSDT&days=30:0
[ 3581938ms] [ERROR] Failed to load resource: the server responded with a status of 502 (Bad Gateway) @ http://localhost:5173/api/coin/detail/lsr/hourly?symbol=BTCUSDT&limit=6:0
[ 3581938ms] [ERROR] Failed to load resource: the server responded with a status of 502 (Bad Gateway) @ http://localhost:5173/api/coin/detail/sr/short?market=swap&symbol=BTCUSDT&days=5&limit=5&timeframe=1h:0
[ 3581938ms] [ERROR] Failed to load resource: the server responded with a status of 502 (Bad Gateway) @ http://localhost:5173/api/coin/detail/sr/short?market=swap&symbol=BTCUSDT&days=5&limit=5&timeframe=15m:0
[ 3585007ms] [ERROR] WebSocket connection to 'ws://localhost:5173/api/hub/market' failed: Error during WebSocket handshake: Unexpected response code: 502 @ http://localhost:5173/assets/index-zLj2tvPy.js:86
[ 3585008ms] [ERROR] Failed to load resource: the server responded with a status of 502 (Bad Gateway) @ http://localhost:5173/healthz:0
[ 3585008ms] [ERROR] Failed to load resource: the server responded with a status of 502 (Bad Gateway) @ http://localhost:5173/api/coin/detail/orderbook/whale-radar?symbol=BTCUSDT&lookbackMinutes=240&topK=20:0
[ 3585010ms] [ERROR] Failed to load resource: the server responded with a status of 502 (Bad Gateway) @ http://localhost:5173/api/coin/detail/quant-dashboard?symbol=BTCUSDT&market=swap&bucket=1h&limit=240:0
[ 3585017ms] [ERROR] Failed to load resource: the server responded with a status of 502 (Bad Gateway) @ http://localhost:5173/api/coin/detail/orderbook/intraday?symbol=BTCUSDT&bucket=1m&limit=240:0
[ 3585017ms] [ERROR] Failed to load resource: the server responded with a status of 502 (Bad Gateway) @ http://localhost:5173/healthz:0
[ 3588077ms] [ERROR] Failed to load resource: the server responded with a status of 502 (Bad Gateway) @ http://localhost:5173/healthz:0
[ 3591149ms] [ERROR] Failed to load resource: the server responded with a status of 502 (Bad Gateway) @ http://localhost:5173/healthz:0
[ 3596172ms] [ERROR] WebSocket connection to 'ws://localhost:5173/api/hub/market' failed: Error during WebSocket handshake: Unexpected response code: 502 @ http://localhost:5173/assets/index-zLj2tvPy.js:86
[ 3600595ms] [ERROR] Failed to load resource: the server responded with a status of 500 (Internal Server Error) @ http://localhost:5173/api/coin/detail/basic?market=swap&symbol=BTCUSDT&timeMode=local&tzOffsetMin=-660:0
[ 3660566ms] [ERROR] Failed to load resource: the server responded with a status of 500 (Internal Server Error) @ http://localhost:5173/api/coin/detail/basic?market=swap&symbol=BTCUSDT&timeMode=local&tzOffsetMin=-660:0
[ 3668275ms] [ERROR] WebSocket connection to 'ws://localhost:5173/api/hub/market' failed: One or more reserved bits are on: reserved1 = 0, reserved2 = 1, reserved3 = 1 @ http://localhost:5173/assets/index-zLj2tvPy.js:86
[ 3673759ms] [ERROR] WebSocket connection to 'ws://localhost:5173/api/hub/market' failed: Invalid frame header @ http://localhost:5173/assets/index-zLj2tvPy.js:86
[ 3708295ms] [ERROR] Failed to load resource: the server responded with a status of 502 (Bad Gateway) @ http://localhost:5173/healthz:0
[ 3739759ms] [ERROR] Failed to load resource: the server responded with a status of 500 (Internal Server Error) @ http://localhost:5173/api/coin/detail/basic?market=swap&symbol=BTCUSDT&timeMode=local&tzOffsetMin=-660:0
[ 3780379ms] [ERROR] Failed to load resource: the server responded with a status of 500 (Internal Server Error) @ http://localhost:5173/api/coin/detail/basic?market=swap&symbol=BTCUSDT&timeMode=local&tzOffsetMin=-660:0
[ 3805041ms] [ERROR] WebSocket connection to 'ws://localhost:5173/api/hub/market' failed: Invalid frame header @ http://localhost:5173/assets/index-zLj2tvPy.js:86
[ 3845489ms] [ERROR] Failed to load resource: the server responded with a status of 500 (Internal Server Error) @ http://localhost:5173/api/coin/detail/basic?market=swap&symbol=BTCUSDT&timeMode=local&tzOffsetMin=-660:0
[ 3846988ms] [ERROR] WebSocket connection to 'ws://localhost:5173/api/hub/market' failed: One or more reserved bits are on: reserved1 = 0, reserved2 = 1, reserved3 = 0 @ http://localhost:5173/assets/index-zLj2tvPy.js:86
[ 3941621ms] [ERROR] WebSocket connection to 'ws://localhost:5173/api/hub/market' failed: One or more reserved bits are on: reserved1 = 0, reserved2 = 1, reserved3 = 1 @ http://localhost:5173/assets/index-zLj2tvPy.js:86
[ 3958186ms] [ERROR] WebSocket connection to 'ws://localhost:5173/api/hub/market' failed: One or more reserved bits are on: reserved1 = 0, reserved2 = 1, reserved3 = 1 @ http://localhost:5173/assets/index-zLj2tvPy.js:86
[ 3960376ms] [ERROR] Failed to load resource: the server responded with a status of 500 (Internal Server Error) @ http://localhost:5173/api/coin/detail/basic?market=swap&symbol=BTCUSDT&timeMode=local&tzOffsetMin=-660:0
[ 3962104ms] [ERROR] WebSocket connection to 'ws://localhost:5173/api/hub/market' failed: Invalid frame header @ http://localhost:5173/assets/index-zLj2tvPy.js:86
[ 3967635ms] [ERROR] WebSocket connection to 'ws://localhost:5173/api/hub/market' failed: One or more reserved bits are on: reserved1 = 0, reserved2 = 1, reserved3 = 1 @ http://localhost:5173/assets/index-zLj2tvPy.js:86
[ 3974321ms] [ERROR] WebSocket connection to 'ws://localhost:5173/api/hub/market' failed: Error during WebSocket handshake: Unexpected response code: 502 @ http://localhost:5173/assets/index-zLj2tvPy.js:86
[ 3980395ms] [ERROR] WebSocket connection to 'ws://localhost:5173/api/hub/market' failed: Invalid frame header @ http://localhost:5173/assets/index-zLj2tvPy.js:86
[ 3995550ms] [ERROR] WebSocket connection to 'ws://localhost:5173/api/hub/market' failed: Could not decode a text frame as UTF-8. @ http://localhost:5173/assets/index-zLj2tvPy.js:86
[ 4022411ms] [ERROR] Failed to load resource: the server responded with a status of 500 (Internal Server Error) @ http://localhost:5173/api/coin/detail/basic?market=swap&symbol=BTCUSDT&timeMode=local&tzOffsetMin=-660:0
[ 4112122ms] [ERROR] WebSocket connection to 'ws://localhost:5173/api/hub/market' failed: Invalid frame header @ http://localhost:5173/assets/index-zLj2tvPy.js:86
[ 4118802ms] [ERROR] WebSocket connection to 'ws://localhost:5173/api/hub/market' failed: Error during WebSocket handshake: Unexpected response code: 502 @ http://localhost:5173/assets/index-zLj2tvPy.js:86
[ 4124876ms] [ERROR] WebSocket connection to 'ws://localhost:5173/api/hub/market' failed: Invalid frame header @ http://localhost:5173/assets/index-zLj2tvPy.js:86
[ 4150452ms] [ERROR] WebSocket connection to 'ws://localhost:5173/api/hub/market' failed: Error during WebSocket handshake: Unexpected response code: 502 @ http://localhost:5173/assets/index-zLj2tvPy.js:86
[ 4150453ms] [ERROR] Failed to load resource: the server responded with a status of 502 (Bad Gateway) @ http://localhost:5173/api/coin/detail/flows/daily?symbol=BTCUSDT&days=30:0
[ 4150453ms] [ERROR] Failed to load resource: the server responded with a status of 502 (Bad Gateway) @ http://localhost:5173/api/coin/detail/basic?market=swap&symbol=BTCUSDT&timeMode=local&tzOffsetMin=-660:0
[ 4150455ms] [ERROR] Failed to load resource: the server responded with a status of 502 (Bad Gateway) @ http://localhost:5173/api/coin/detail/fund/snapshots?symbol=BTCUSDT&timeMode=local&tzOffsetMin=-660:0
[ 4150455ms] [ERROR] Failed to load resource: the server responded with a status of 502 (Bad Gateway) @ http://localhost:5173/api/coin/detail/fund/snapshot-health?symbol=BTCUSDT&timeMode=local&tzOffsetMin=-660:0
[ 4150457ms] [ERROR] Failed to load resource: the server responded with a status of 502 (Bad Gateway) @ http://localhost:5173/api/coin/detail/flows/hourly?symbol=BTCUSDT&hours=24:0
[ 4153521ms] [ERROR] Failed to load resource: the server responded with a status of 502 (Bad Gateway) @ http://localhost:5173/api/coin/detail/recent/daily?market=swap&symbol=BTCUSDT&days=20&includeToday=1:0
[ 4153521ms] [ERROR] Failed to load resource: the server responded with a status of 502 (Bad Gateway) @ http://localhost:5173/api/coin/detail/flows/daily?symbol=BTCUSDT&days=30&includeToday=1:0
[ 4153526ms] [ERROR] Failed to load resource: the server responded with a status of 502 (Bad Gateway) @ http://localhost:5173/api/coin/detail/oi/hourly?market=swap&symbol=BTCUSDT&hours=24:0
[ 4153526ms] [ERROR] Failed to load resource: the server responded with a status of 502 (Bad Gateway) @ http://localhost:5173/api/coin/detail/oi/daily?market=swap&symbol=BTCUSDT&days=30:0
[ 4153527ms] [ERROR] Failed to load resource: the server responded with a status of 502 (Bad Gateway) @ http://localhost:5173/api/coin/detail/lsr/hourly?symbol=BTCUSDT&limit=6:0
[ 4156592ms] [ERROR] WebSocket connection to 'ws://localhost:5173/api/hub/market' failed: Error during WebSocket handshake: Unexpected response code: 502 @ http://localhost:5173/assets/index-zLj2tvPy.js:86
[ 4156593ms] [ERROR] Failed to load resource: the server responded with a status of 502 (Bad Gateway) @ http://localhost:5173/api/coin/detail/sr/short?market=swap&symbol=BTCUSDT&days=5&limit=5&timeframe=15m:0
[ 4156593ms] [ERROR] Failed to load resource: the server responded with a status of 502 (Bad Gateway) @ http://localhost:5173/api/coin/detail/sr/short?market=swap&symbol=BTCUSDT&days=5&limit=5&timeframe=1h:0
[ 4156594ms] [ERROR] Failed to load resource: the server responded with a status of 502 (Bad Gateway) @ http://localhost:5173/api/coin/detail/quant-dashboard?symbol=BTCUSDT&market=swap&bucket=1h&limit=240:0
[ 4156597ms] [ERROR] Failed to load resource: the server responded with a status of 502 (Bad Gateway) @ http://localhost:5173/api/coin/detail/orderbook/intraday?symbol=BTCUSDT&bucket=1m&limit=240:0
[ 4156597ms] [ERROR] Failed to load resource: the server responded with a status of 502 (Bad Gateway) @ http://localhost:5173/api/coin/detail/orderbook/whale-radar?symbol=BTCUSDT&lookbackMinutes=240&topK=20:0
[ 4163313ms] [ERROR] Failed to load resource: the server responded with a status of 502 (Bad Gateway) @ http://localhost:5173/healthz:0
[ 4163313ms] [ERROR] Failed to load resource: the server responded with a status of 502 (Bad Gateway) @ http://localhost:5173/healthz:0
[ 4165874ms] [ERROR] WebSocket connection to 'ws://localhost:5173/api/hub/market' failed: Error during WebSocket handshake: Unexpected response code: 502 @ http://localhost:5173/assets/index-zLj2tvPy.js:86
[ 4165875ms] [ERROR] Failed to load resource: the server responded with a status of 502 (Bad Gateway) @ http://localhost:5173/healthz:0
[ 4245234ms] [ERROR] Failed to load resource: the server responded with a status of 502 (Bad Gateway) @ http://localhost:5173/healthz:0
[ 4247251ms] [ERROR] WebSocket connection to 'ws://localhost:5173/api/hub/market' failed: One or more reserved bits are on: reserved1 = 0, reserved2 = 1, reserved3 = 1 @ http://localhost:5173/assets/index-zLj2tvPy.js:86
[ 4256741ms] [ERROR] WebSocket connection to 'ws://localhost:5173/api/hub/market' failed: Invalid frame header @ http://localhost:5173/assets/index-zLj2tvPy.js:86
[ 4263455ms] [ERROR] WebSocket connection to 'ws://localhost:5173/api/hub/market' failed: Error during WebSocket handshake: Unexpected response code: 502 @ http://localhost:5173/assets/index-zLj2tvPy.js:86
[ 4263457ms] [ERROR] Failed to load resource: the server responded with a status of 502 (Bad Gateway) @ http://localhost:5173/api/coin/detail/flows/daily?symbol=BTCUSDT&days=30&includeToday=1:0
[ 4263458ms] [ERROR] Failed to load resource: the server responded with a status of 502 (Bad Gateway) @ http://localhost:5173/api/coin/detail/flows/daily?symbol=BTCUSDT&days=30:0
[ 4263459ms] [ERROR] Failed to load resource: the server responded with a status of 502 (Bad Gateway) @ http://localhost:5173/api/coin/detail/flows/hourly?symbol=BTCUSDT&hours=24:0
[ 4263459ms] [ERROR] Failed to load resource: the server responded with a status of 502 (Bad Gateway) @ http://localhost:5173/api/coin/detail/fund/snapshot-health?symbol=BTCUSDT&timeMode=local&tzOffsetMin=-660:0
[ 4263464ms] [ERROR] Failed to load resource: the server responded with a status of 502 (Bad Gateway) @ http://localhost:5173/api/coin/detail/fund/snapshots?symbol=BTCUSDT&timeMode=local&tzOffsetMin=-660:0
[ 4263464ms] [ERROR] Failed to load resource: the server responded with a status of 502 (Bad Gateway) @ http://localhost:5173/api/coin/detail/basic?market=swap&symbol=BTCUSDT&timeMode=local&tzOffsetMin=-660:0
[ 4263466ms] [ERROR] Failed to load resource: the server responded with a status of 502 (Bad Gateway) @ http://localhost:5173/api/coin/detail/recent/daily?market=swap&symbol=BTCUSDT&days=20&includeToday=1:0
[ 4263469ms] [ERROR] Failed to load resource: the server responded with a status of 502 (Bad Gateway) @ http://localhost:5173/api/coin/detail/oi/hourly?market=swap&symbol=BTCUSDT&hours=24:0
[ 4263470ms] [ERROR] Failed to load resource: the server responded with a status of 502 (Bad Gateway) @ http://localhost:5173/api/coin/detail/oi/daily?market=swap&symbol=BTCUSDT&days=30:0
[ 4263470ms] [ERROR] Failed to load resource: the server responded with a status of 502 (Bad Gateway) @ http://localhost:5173/api/coin/detail/lsr/hourly?symbol=BTCUSDT&limit=6:0
[ 4263470ms] [ERROR] Failed to load resource: the server responded with a status of 502 (Bad Gateway) @ http://localhost:5173/api/coin/detail/sr/short?market=swap&symbol=BTCUSDT&days=5&limit=5&timeframe=1h:0
[ 4263470ms] [ERROR] Failed to load resource: the server responded with a status of 502 (Bad Gateway) @ http://localhost:5173/api/coin/detail/sr/short?market=swap&symbol=BTCUSDT&days=5&limit=5&timeframe=15m:0
[ 4263472ms] [ERROR] Failed to load resource: the server responded with a status of 502 (Bad Gateway) @ http://localhost:5173/api/coin/detail/orderbook/intraday?symbol=BTCUSDT&bucket=1m&limit=240:0
[ 4263473ms] [ERROR] Failed to load resource: the server responded with a status of 502 (Bad Gateway) @ http://localhost:5173/api/coin/detail/quant-dashboard?symbol=BTCUSDT&market=swap&bucket=1h&limit=240:0
[ 4263474ms] [ERROR] Failed to load resource: the server responded with a status of 502 (Bad Gateway) @ http://localhost:5173/healthz:0
[ 4263475ms] [ERROR] Failed to load resource: the server responded with a status of 502 (Bad Gateway) @ http://localhost:5173/api/coin/detail/orderbook/whale-radar?symbol=BTCUSDT&lookbackMinutes=240&topK=20:0
[ 4269551ms] [ERROR] WebSocket connection to 'ws://localhost:5173/api/hub/market' failed: One or more reserved bits are on: reserved1 = 0, reserved2 = 1, reserved3 = 1 @ http://localhost:5173/assets/index-zLj2tvPy.js:86
[ 4295017ms] [ERROR] WebSocket connection to 'ws://localhost:5173/api/hub/market' failed: Error during WebSocket handshake: Unexpected response code: 502 @ http://localhost:5173/assets/index-zLj2tvPy.js:86
[ 4295019ms] [ERROR] Failed to load resource: the server responded with a status of 502 (Bad Gateway) @ http://localhost:5173/healthz:0
[ 4298088ms] [ERROR] Failed to load resource: the server responded with a status of 502 (Bad Gateway) @ http://localhost:5173/healthz:0
[ 4302572ms] [ERROR] WebSocket connection to 'ws://localhost:5173/api/hub/market' failed: Error during WebSocket handshake: Unexpected response code: 502 @ http://localhost:5173/assets/index-zLj2tvPy.js:86
[ 4308296ms] [ERROR] Failed to load resource: the server responded with a status of 502 (Bad Gateway) @ http://localhost:5173/healthz:0
