[     787ms] [ERROR] TypeError: Cannot read properties of undefined (reading 'lastPrice')
    at http://localhost:5173/assets/index-zLj2tvPy.js:164:182431
    at Object.zL [as useMemo] (http://localhost:5173/assets/index-zLj2tvPy.js:38:22250)
    at ir.useMemo (http://localhost:5173/assets/index-zLj2tvPy.js:9:6251)
    at oAe (http://localhost:5173/assets/index-zLj2tvPy.js:164:182350)
    at Qb (http://localhost:5173/assets/index-zLj2tvPy.js:38:17832)
    at lS (http://localhost:5173/assets/index-zLj2tvPy.js:40:3158)
    at Dk (http://localhost:5173/assets/index-zLj2tvPy.js:40:45643)
    at Mk (http://localhost:5173/assets/index-zLj2tvPy.js:40:40453)
    at eQ (http://localhost:5173/assets/index-zLj2tvPy.js:40:40381)
    at hy (http://localhost:5173/assets/index-zLj2tvPy.js:40:40234) @ http://localhost:5173/assets/index-zLj2tvPy.js:39
[     793ms] TypeError: Cannot read properties of undefined (reading 'lastPrice')
    at http://localhost:5173/assets/index-zLj2tvPy.js:164:182431
    at Object.zL [as useMemo] (http://localhost:5173/assets/index-zLj2tvPy.js:38:22250)
    at ir.useMemo (http://localhost:5173/assets/index-zLj2tvPy.js:9:6251)
    at oAe (http://localhost:5173/assets/index-zLj2tvPy.js:164:182350)
    at Qb (http://localhost:5173/assets/index-zLj2tvPy.js:38:17832)
    at lS (http://localhost:5173/assets/index-zLj2tvPy.js:40:3158)
    at Dk (http://localhost:5173/assets/index-zLj2tvPy.js:40:45643)
    at Mk (http://localhost:5173/assets/index-zLj2tvPy.js:40:40453)
    at eQ (http://localhost:5173/assets/index-zLj2tvPy.js:40:40381)
    at hy (http://localhost:5173/assets/index-zLj2tvPy.js:40:40234)
